2019-02-05 00:22:05,237 [main] INFO CountDown_Test_Framework - URL is Opened
2019-02-05 00:22:05,275 [main] INFO CountDown_Test_Framework - Entered UserID Successfully
2019-02-05 00:41:05,442 [main] INFO CountDown_Test_Framework - URL is Opened
2019-02-05 00:43:11,149 [main] INFO CountDown_Test_Framework - URL is Opened
2019-02-05 00:47:27,855 [main] INFO CountDown_Test_Framework - URL is Opened
2019-02-05 00:50:59,658 [main] INFO CountDown_Test_Framework - URL is Opened
2019-02-05 00:50:59,864 [main] INFO CountDown_Test_Framework - Entered UserID Successfully
2019-02-05 00:55:10,373 [main] INFO CountDown_Test_Framework - URL is Opened
2019-02-05 00:55:12,299 [main] INFO CountDown_Test_Framework - Entered UserID Successfully
2019-02-05 00:55:12,427 [main] INFO CountDown_Test_Framework - Entered Password Successfully
2019-02-05 00:55:15,966 [main] INFO CountDown_Test_Framework - Click on Login Button Successfully
2019-02-05 00:55:16,377 [main] INFO CountDown_Test_Framework - Login Test Failed
2019-02-05 09:33:20,942 [main] INFO CountDown_Test_Framework - URL is Opened
2019-02-05 09:33:22,026 [main] INFO CountDown_Test_Framework - Entered UserID Successfully
2019-02-05 09:33:22,110 [main] INFO CountDown_Test_Framework - Entered Password Successfully
2019-02-05 09:33:25,462 [main] INFO CountDown_Test_Framework - Click on Login Button Successfully
2019-02-05 09:33:25,781 [main] INFO CountDown_Test_Framework - Login Test Failed
2019-02-05 09:35:02,923 [main] INFO CountDown_Test_Framework - URL is Opened
2019-02-05 09:35:03,894 [main] INFO CountDown_Test_Framework - Entered UserID Successfully
2019-02-05 09:35:03,978 [main] INFO CountDown_Test_Framework - Entered Password Successfully
2019-02-05 09:35:07,557 [main] INFO CountDown_Test_Framework - Click on Login Button Successfully
2019-02-05 09:35:07,890 [main] INFO CountDown_Test_Framework - Login Test Failed
2019-02-05 09:36:24,852 [main] INFO CountDown_Test_Framework - URL is Opened
2019-02-05 09:37:35,346 [main] INFO CountDown_Test_Framework - URL is Opened
2019-02-05 09:37:36,403 [main] INFO CountDown_Test_Framework - Entered UserID Successfully
2019-02-05 09:37:36,489 [main] INFO CountDown_Test_Framework - Entered Password Successfully
2019-02-05 09:37:40,211 [main] INFO CountDown_Test_Framework - Click on Login Button Successfully
2019-02-05 09:37:40,641 [main] INFO CountDown_Test_Framework - Login Test Failed
2019-02-05 09:41:54,740 [main] INFO CountDown_Test_Framework - URL is Opened
2019-02-05 09:41:56,468 [main] INFO CountDown_Test_Framework - Entered UserID Successfully
2019-02-05 09:41:56,565 [main] INFO CountDown_Test_Framework - Entered Password Successfully
2019-02-05 09:42:00,874 [main] INFO CountDown_Test_Framework - Click on Login Button Successfully
2019-02-05 09:42:01,323 [main] INFO CountDown_Test_Framework - Login Test Failed
2019-02-05 09:45:27,315 [main] INFO CountDown_Test_Framework - URL is Opened
2019-02-05 09:46:31,953 [main] INFO CountDown_Test_Framework - URL is Opened
2019-02-05 09:47:38,382 [main] INFO CountDown_Test_Framework - URL is Opened
2019-02-05 10:02:32,114 [main] INFO CountDown_Test_Framework - URL is Opened
2019-02-05 10:03:31,826 [main] INFO CountDown_Test_Framework - URL is Opened
2019-02-05 10:05:35,812 [main] INFO CountDown_Test_Framework - URL is Opened
2019-02-05 10:08:43,262 [main] INFO CountDown_Test_Framework - URL is Opened
2019-02-05 10:10:22,427 [main] INFO CountDown_Test_Framework - URL is Opened
2019-02-05 10:11:37,374 [main] INFO CountDown_Test_Framework - URL is Opened
2019-02-05 10:16:21,272 [main] INFO CountDown_Test_Framework - URL is Opened
2019-02-05 10:16:22,301 [main] INFO CountDown_Test_Framework - Entered UserID Successfully
2019-02-05 10:16:22,387 [main] INFO CountDown_Test_Framework - Entered Password Successfully
2019-02-05 10:16:25,751 [main] INFO CountDown_Test_Framework - Click on Login Button Successfully
2019-02-05 10:16:26,224 [main] INFO CountDown_Test_Framework - Login Test Failed
2019-02-05 10:19:16,435 [main] INFO CountDown_Test_Framework - URL is Opened
2019-02-05 10:19:17,550 [main] INFO CountDown_Test_Framework - Entered UserID Successfully
2019-02-05 10:19:17,646 [main] INFO CountDown_Test_Framework - Entered Password Successfully
2019-02-05 10:19:21,838 [main] INFO CountDown_Test_Framework - Click on Login Button Successfully
2019-02-05 10:19:21,856 [main] INFO CountDown_Test_Framework - Login Test Passed
2019-02-05 11:38:57,023 [main] INFO CountDown_Test_Framework - URL is Opened
2019-02-05 11:38:58,136 [main] INFO CountDown_Test_Framework - Entered UserID Successfully
2019-02-05 11:38:58,236 [main] INFO CountDown_Test_Framework - Entered Password Successfully
2019-02-05 11:39:01,749 [main] INFO CountDown_Test_Framework - Click on Login Button Successfully
2019-02-05 11:39:01,758 [main] INFO CountDown_Test_Framework - Login Test Passed
2019-02-05 11:40:09,484 [main] INFO CountDown_Test_Framework - URL is Opened
2019-02-05 11:40:10,796 [main] INFO CountDown_Test_Framework - Entered UserID Successfully
2019-02-05 11:40:10,911 [main] INFO CountDown_Test_Framework - Entered Password Successfully
2019-02-05 11:40:14,793 [main] INFO CountDown_Test_Framework - Click on Login Button Successfully
2019-02-05 11:40:14,802 [main] INFO CountDown_Test_Framework - Login Test Passed
2019-02-05 11:44:58,493 [main] INFO CountDown_Test_Framework - URL is Opened
2019-02-05 11:44:59,520 [main] INFO CountDown_Test_Framework - Entered UserID Successfully
2019-02-05 11:44:59,617 [main] INFO CountDown_Test_Framework - Entered Password Successfully
2019-02-05 11:45:02,956 [main] INFO CountDown_Test_Framework - Click on Login Button Successfully
2019-02-05 11:45:02,970 [main] INFO CountDown_Test_Framework - Login Test Passed
2019-02-05 11:47:32,377 [main] INFO CountDown_Test_Framework - URL is Opened
2019-02-05 11:47:33,391 [main] INFO CountDown_Test_Framework - Entered UserID Successfully
2019-02-05 11:47:33,481 [main] INFO CountDown_Test_Framework - Entered Password Successfully
2019-02-05 11:47:37,340 [main] INFO CountDown_Test_Framework - Click on Login Button Successfully
2019-02-05 11:47:37,351 [main] INFO CountDown_Test_Framework - Login Test Passed
2019-02-05 11:47:38,048 [main] INFO CountDown_Test_Framework - Click on Search Filed
2019-02-05 11:47:38,049 [main] INFO CountDown_Test_Framework - Click on Search Filed
2019-02-05 11:49:10,052 [main] INFO CountDown_Test_Framework - URL is Opened
2019-02-05 11:49:11,100 [main] INFO CountDown_Test_Framework - Entered UserID Successfully
2019-02-05 11:49:11,200 [main] INFO CountDown_Test_Framework - Entered Password Successfully
2019-02-05 11:49:14,539 [main] INFO CountDown_Test_Framework - Click on Login Button Successfully
2019-02-05 11:49:14,551 [main] INFO CountDown_Test_Framework - Login Test Passed
2019-02-05 11:49:15,287 [main] INFO CountDown_Test_Framework - Click on Search Filed
2019-02-05 11:49:15,287 [main] INFO CountDown_Test_Framework - Click on Search Filed
2019-02-05 11:51:27,535 [main] INFO CountDown_Test_Framework - URL is Opened
2019-02-05 11:51:28,553 [main] INFO CountDown_Test_Framework - Entered UserID Successfully
2019-02-05 11:51:28,652 [main] INFO CountDown_Test_Framework - Entered Password Successfully
2019-02-05 11:51:31,851 [main] INFO CountDown_Test_Framework - Click on Login Button Successfully
2019-02-05 11:51:31,866 [main] INFO CountDown_Test_Framework - Login Test Passed
2019-02-05 11:51:32,617 [main] INFO CountDown_Test_Framework - Click on Search Filed
2019-02-05 11:51:32,618 [main] INFO CountDown_Test_Framework - Click on Search Filed
2019-02-05 11:53:11,353 [main] INFO CountDown_Test_Framework - URL is Opened
2019-02-05 11:53:12,421 [main] INFO CountDown_Test_Framework - Entered UserID Successfully
2019-02-05 11:53:12,517 [main] INFO CountDown_Test_Framework - Entered Password Successfully
2019-02-05 11:53:15,852 [main] INFO CountDown_Test_Framework - Click on Login Button Successfully
2019-02-05 11:53:15,864 [main] INFO CountDown_Test_Framework - Login Test Passed
2019-02-05 11:53:16,587 [main] INFO CountDown_Test_Framework - Click on Search Filed
2019-02-05 11:53:16,587 [main] INFO CountDown_Test_Framework - Click on Search Filed
2019-02-05 11:54:45,037 [main] INFO CountDown_Test_Framework - URL is Opened
2019-02-05 11:54:46,251 [main] INFO CountDown_Test_Framework - Entered UserID Successfully
2019-02-05 11:54:46,379 [main] INFO CountDown_Test_Framework - Entered Password Successfully
2019-02-05 11:54:49,895 [main] INFO CountDown_Test_Framework - Click on Login Button Successfully
2019-02-05 11:54:49,915 [main] INFO CountDown_Test_Framework - Login Test Passed
2019-02-05 11:54:50,615 [main] INFO CountDown_Test_Framework - Click on Search Filed
2019-02-05 11:54:50,617 [main] INFO CountDown_Test_Framework - Click on Search Filed
2019-02-05 11:56:40,480 [main] INFO CountDown_Test_Framework - URL is Opened
2019-02-05 11:56:41,669 [main] INFO CountDown_Test_Framework - Entered UserID Successfully
2019-02-05 11:56:41,845 [main] INFO CountDown_Test_Framework - Entered Password Successfully
2019-02-05 11:56:46,696 [main] INFO CountDown_Test_Framework - Click on Login Button Successfully
2019-02-05 11:56:46,708 [main] INFO CountDown_Test_Framework - Login Test Passed
2019-02-05 11:56:47,463 [main] INFO CountDown_Test_Framework - Click on Search Filed
2019-02-05 11:56:47,464 [main] INFO CountDown_Test_Framework - Data Reading
2019-02-05 12:06:30,016 [main] INFO CountDown_Test_Framework - URL is Opened
2019-02-05 12:06:31,041 [main] INFO CountDown_Test_Framework - Entered UserID Successfully
2019-02-05 12:06:31,129 [main] INFO CountDown_Test_Framework - Entered Password Successfully
2019-02-05 12:06:35,064 [main] INFO CountDown_Test_Framework - Click on Login Button Successfully
2019-02-05 12:06:35,077 [main] INFO CountDown_Test_Framework - Login Test Passed
2019-02-05 12:06:35,801 [main] INFO CountDown_Test_Framework - Click on Search Filed
2019-02-05 12:06:35,801 [main] INFO CountDown_Test_Framework - Data Reading
2019-02-05 12:07:56,110 [main] INFO CountDown_Test_Framework - URL is Opened
2019-02-05 12:07:57,099 [main] INFO CountDown_Test_Framework - Entered UserID Successfully
2019-02-05 12:07:57,185 [main] INFO CountDown_Test_Framework - Entered Password Successfully
2019-02-05 12:08:00,532 [main] INFO CountDown_Test_Framework - Click on Login Button Successfully
2019-02-05 12:08:00,550 [main] INFO CountDown_Test_Framework - Login Test Passed
2019-02-05 12:08:01,243 [main] INFO CountDown_Test_Framework - Click on Search Filed
2019-02-05 12:08:01,244 [main] INFO CountDown_Test_Framework - Data Reading
2019-02-05 12:10:12,300 [main] INFO CountDown_Test_Framework - URL is Opened
2019-02-05 12:10:13,401 [main] INFO CountDown_Test_Framework - Entered UserID Successfully
2019-02-05 12:10:13,497 [main] INFO CountDown_Test_Framework - Entered Password Successfully
2019-02-05 12:10:17,576 [main] INFO CountDown_Test_Framework - Click on Login Button Successfully
2019-02-05 12:10:17,599 [main] INFO CountDown_Test_Framework - Login Test Passed
2019-02-05 12:10:18,410 [main] INFO CountDown_Test_Framework - Click on Search Filed
2019-02-05 12:10:18,410 [main] INFO CountDown_Test_Framework - Data Reading
2019-02-05 12:11:30,652 [main] INFO CountDown_Test_Framework - URL is Opened
2019-02-05 12:11:31,620 [main] INFO CountDown_Test_Framework - Entered UserID Successfully
2019-02-05 12:11:31,709 [main] INFO CountDown_Test_Framework - Entered Password Successfully
2019-02-05 12:11:35,333 [main] INFO CountDown_Test_Framework - Click on Login Button Successfully
2019-02-05 12:11:35,347 [main] INFO CountDown_Test_Framework - Login Test Passed
2019-02-05 12:11:36,071 [main] INFO CountDown_Test_Framework - Click on Search Filed
2019-02-05 12:11:36,072 [main] INFO CountDown_Test_Framework - Data Reading
2019-02-05 12:13:37,612 [main] INFO CountDown_Test_Framework - URL is Opened
2019-02-05 12:13:38,622 [main] INFO CountDown_Test_Framework - Entered UserID Successfully
2019-02-05 12:13:38,709 [main] INFO CountDown_Test_Framework - Entered Password Successfully
2019-02-05 12:13:41,991 [main] INFO CountDown_Test_Framework - Click on Login Button Successfully
2019-02-05 12:13:42,005 [main] INFO CountDown_Test_Framework - Login Test Passed
2019-02-05 12:13:42,737 [main] INFO CountDown_Test_Framework - Click on Search Filed
2019-02-05 12:13:42,737 [main] INFO CountDown_Test_Framework - Data Reading
2019-02-05 12:14:25,512 [main] INFO CountDown_Test_Framework - URL is Opened
2019-02-05 12:14:26,529 [main] INFO CountDown_Test_Framework - Entered UserID Successfully
2019-02-05 12:14:26,616 [main] INFO CountDown_Test_Framework - Entered Password Successfully
2019-02-05 12:14:29,987 [main] INFO CountDown_Test_Framework - Click on Login Button Successfully
2019-02-05 12:14:30,010 [main] INFO CountDown_Test_Framework - Login Test Passed
2019-02-05 12:14:30,793 [main] INFO CountDown_Test_Framework - Click on Search Filed
2019-02-05 12:14:30,794 [main] INFO CountDown_Test_Framework - Data Reading
2019-02-05 12:20:19,192 [main] INFO CountDown_Test_Framework - URL is Opened
2019-02-05 12:20:20,195 [main] INFO CountDown_Test_Framework - Entered UserID Successfully
2019-02-05 12:20:20,293 [main] INFO CountDown_Test_Framework - Entered Password Successfully
2019-02-05 12:20:23,730 [main] INFO CountDown_Test_Framework - Click on Login Button Successfully
2019-02-05 12:20:23,739 [main] INFO CountDown_Test_Framework - Login Test Passed
2019-02-05 12:20:24,400 [main] INFO CountDown_Test_Framework - Click on Search Filed
2019-02-05 12:20:24,400 [main] INFO CountDown_Test_Framework - Data Reading
2019-02-05 12:22:34,628 [main] INFO CountDown_Test_Framework - URL is Opened
2019-02-05 12:23:35,325 [main] INFO CountDown_Test_Framework - URL is Opened
2019-02-05 12:23:37,017 [main] INFO CountDown_Test_Framework - Click on Search Filed
2019-02-05 12:23:37,017 [main] INFO CountDown_Test_Framework - Data Reading
2019-02-05 12:24:58,074 [main] INFO CountDown_Test_Framework - URL is Opened
2019-02-05 12:24:59,654 [main] INFO CountDown_Test_Framework - Click on Search Filed
2019-02-05 12:24:59,655 [main] INFO CountDown_Test_Framework - Data Reading
2019-02-05 12:26:10,382 [main] INFO CountDown_Test_Framework - URL is Opened
2019-02-05 12:26:11,786 [main] INFO CountDown_Test_Framework - Entered UserID Successfully
2019-02-05 12:26:11,929 [main] INFO CountDown_Test_Framework - Entered Password Successfully
2019-02-05 12:26:15,984 [main] INFO CountDown_Test_Framework - Click on Login Button Successfully
2019-02-05 12:26:15,999 [main] INFO CountDown_Test_Framework - Login Test Passed
2019-02-05 12:26:16,642 [main] INFO CountDown_Test_Framework - Click on Search Filed
2019-02-05 12:26:16,643 [main] INFO CountDown_Test_Framework - Data Reading
2019-02-05 12:27:48,005 [main] INFO CountDown_Test_Framework - URL is Opened
2019-02-05 12:27:49,008 [main] INFO CountDown_Test_Framework - Entered UserID Successfully
2019-02-05 12:27:49,094 [main] INFO CountDown_Test_Framework - Entered Password Successfully
2019-02-05 12:27:53,355 [main] INFO CountDown_Test_Framework - Click on Login Button Successfully
2019-02-05 12:27:53,372 [main] INFO CountDown_Test_Framework - Login Test Passed
2019-02-05 12:27:54,074 [main] INFO CountDown_Test_Framework - Click on Search Filed
2019-02-05 12:27:54,075 [main] INFO CountDown_Test_Framework - Data Reading
2019-02-05 12:30:24,301 [main] INFO CountDown_Test_Framework - URL is Opened
2019-02-05 12:30:25,935 [main] INFO CountDown_Test_Framework - Click on Search Filed
2019-02-05 12:30:25,936 [main] INFO CountDown_Test_Framework - Data Reading
2019-02-05 12:32:39,484 [main] INFO CountDown_Test_Framework - URL is Opened
2019-02-05 12:32:40,515 [main] INFO CountDown_Test_Framework - Entered UserID Successfully
2019-02-05 12:32:40,605 [main] INFO CountDown_Test_Framework - Entered Password Successfully
2019-02-05 12:32:44,272 [main] INFO CountDown_Test_Framework - Click on Login Button Successfully
2019-02-05 12:32:44,283 [main] INFO CountDown_Test_Framework - Login Test Passed
2019-02-05 12:32:44,947 [main] INFO CountDown_Test_Framework - Click on Search Filed
2019-02-05 12:32:44,947 [main] INFO CountDown_Test_Framework - Data Reading
2019-02-05 12:45:50,857 [main] INFO CountDown_Test_Framework - URL is Opened
2019-02-05 12:45:51,840 [main] INFO CountDown_Test_Framework - Entered Email Successfully
2019-02-05 12:45:51,927 [main] INFO CountDown_Test_Framework - Entered Password Successfully
2019-02-05 12:45:56,001 [main] INFO CountDown_Test_Framework - Click on Login Button Successfully
2019-02-05 12:45:56,011 [main] INFO CountDown_Test_Framework - Login Test Passed
2019-02-05 12:45:56,805 [main] INFO CountDown_Test_Framework - Click on Search Filed
2019-02-05 12:45:56,806 [main] INFO CountDown_Test_Framework - Data Reading
2019-02-05 12:48:26,146 [main] INFO CountDown_Test_Framework - URL is Opened
2019-02-05 12:48:27,165 [main] INFO CountDown_Test_Framework - Entered Email Successfully
2019-02-05 12:48:27,264 [main] INFO CountDown_Test_Framework - Entered Password Successfully
2019-02-05 12:49:18,200 [main] INFO CountDown_Test_Framework - Click on Login Button Successfully
2019-02-05 12:51:02,103 [main] INFO CountDown_Test_Framework - URL is Opened
2019-02-05 12:51:03,582 [main] INFO CountDown_Test_Framework - Click on Search Filed
2019-02-05 12:51:03,582 [main] INFO CountDown_Test_Framework - Data Reading
2019-02-05 12:53:13,063 [main] INFO CountDown_Test_Framework - URL is Opened
2019-02-05 12:53:14,525 [main] INFO CountDown_Test_Framework - Click on Search Filed
2019-02-05 12:53:14,526 [main] INFO CountDown_Test_Framework - Data Reading
2019-02-05 13:00:57,457 [main] INFO CountDown_Test_Framework - URL is Opened
2019-02-05 13:00:58,450 [main] INFO CountDown_Test_Framework - Entered Email Successfully
2019-02-05 13:00:58,539 [main] INFO CountDown_Test_Framework - Entered Password Successfully
2019-02-05 13:01:01,966 [main] INFO CountDown_Test_Framework - Click on Login Button Successfully
2019-02-05 13:01:01,983 [main] INFO CountDown_Test_Framework - Login Test Passed
2019-02-05 13:01:02,755 [main] INFO CountDown_Test_Framework - Click on Search Filed
2019-02-05 13:01:02,756 [main] INFO CountDown_Test_Framework - Data Reading
2019-02-05 13:02:31,160 [main] INFO CountDown_Test_Framework - URL is Opened
2019-02-05 13:02:32,156 [main] INFO CountDown_Test_Framework - Entered Email Successfully
2019-02-05 13:02:32,246 [main] INFO CountDown_Test_Framework - Entered Password Successfully
2019-02-05 13:02:35,583 [main] INFO CountDown_Test_Framework - Click on Login Button Successfully
2019-02-05 13:02:35,596 [main] INFO CountDown_Test_Framework - Login Test Passed
2019-02-05 13:02:36,301 [main] INFO CountDown_Test_Framework - Click on Search Filed
2019-02-05 13:02:36,301 [main] INFO CountDown_Test_Framework - Data Reading
2019-02-05 13:17:32,903 [main] INFO CountDown_Test_Framework - URL is Opened
2019-02-05 13:17:34,471 [main] INFO CountDown_Test_Framework - Click on Search Filed
2019-02-05 13:17:34,472 [main] INFO CountDown_Test_Framework - Data Reading
2019-02-05 13:18:55,451 [main] INFO CountDown_Test_Framework - URL is Opened
2019-02-05 13:18:56,537 [main] INFO CountDown_Test_Framework - Entered Email Successfully
2019-02-05 13:18:56,624 [main] INFO CountDown_Test_Framework - Entered Password Successfully
2019-02-05 13:18:59,915 [main] INFO CountDown_Test_Framework - Click on Login Button Successfully
2019-02-05 13:18:59,928 [main] INFO CountDown_Test_Framework - Login Test Passed
2019-02-05 13:19:00,642 [main] INFO CountDown_Test_Framework - Click on Search Filed
2019-02-05 13:19:00,642 [main] INFO CountDown_Test_Framework - Data Reading
2019-02-05 13:23:28,004 [main] INFO CountDown_Test_Framework - URL is Opened
2019-02-05 13:23:28,986 [main] INFO CountDown_Test_Framework - Entered Email Successfully
2019-02-05 13:23:29,072 [main] INFO CountDown_Test_Framework - Entered Password Successfully
2019-02-05 13:23:32,832 [main] INFO CountDown_Test_Framework - Click on Login Button Successfully
2019-02-05 13:23:32,845 [main] INFO CountDown_Test_Framework - Login Test Passed
2019-02-05 13:23:33,474 [main] INFO CountDown_Test_Framework - Click on Search Filed
2019-02-05 13:23:33,475 [main] INFO CountDown_Test_Framework - Data Reading
2019-02-05 13:29:50,435 [main] INFO CountDown_Test_Framework - URL is Opened
2019-02-05 13:29:52,181 [main] INFO CountDown_Test_Framework - Click on Search Filed
2019-02-05 13:29:52,182 [main] INFO CountDown_Test_Framework - Data Reading
2019-02-05 13:31:59,564 [main] INFO CountDown_Test_Framework - URL is Opened
2019-02-05 13:32:02,205 [main] INFO CountDown_Test_Framework - Click on Search Filed
2019-02-05 13:32:02,205 [main] INFO CountDown_Test_Framework - Data Reading
2019-02-05 13:33:52,205 [main] INFO CountDown_Test_Framework - URL is Opened
2019-02-05 13:33:53,187 [main] INFO CountDown_Test_Framework - Entered Email Successfully
2019-02-05 13:33:53,275 [main] INFO CountDown_Test_Framework - Entered Password Successfully
2019-02-05 13:33:56,875 [main] INFO CountDown_Test_Framework - Click on Login Button Successfully
2019-02-05 13:33:56,890 [main] INFO CountDown_Test_Framework - Login Test Passed
2019-02-05 13:33:57,628 [main] INFO CountDown_Test_Framework - Click on Search Filed
2019-02-05 13:33:57,629 [main] INFO CountDown_Test_Framework - Data Reading
2019-02-05 13:48:56,054 [main] INFO CountDown_Test_Framework - URL is Opened
2019-02-05 13:48:57,445 [main] INFO CountDown_Test_Framework - Click on Search Filed
2019-02-05 13:48:57,446 [main] INFO CountDown_Test_Framework - Data Reading
2019-02-05 13:50:31,568 [main] INFO CountDown_Test_Framework - URL is Opened
2019-02-05 13:50:32,537 [main] INFO CountDown_Test_Framework - Entered Email Successfully
2019-02-05 13:50:32,629 [main] INFO CountDown_Test_Framework - Entered Password Successfully
2019-02-05 13:50:38,280 [main] INFO CountDown_Test_Framework - Click on Login Button Successfully
2019-02-05 13:50:38,296 [main] INFO CountDown_Test_Framework - Login Test Passed
2019-02-05 13:50:39,054 [main] INFO CountDown_Test_Framework - Click on Search Filed
2019-02-05 13:50:39,055 [main] INFO CountDown_Test_Framework - Data Reading
2019-02-05 13:51:51,986 [main] INFO CountDown_Test_Framework - URL is Opened
2019-02-05 13:53:55,713 [main] INFO CountDown_Test_Framework - URL is Opened
2019-02-05 13:53:58,340 [main] INFO CountDown_Test_Framework - Click on Search Filed
2019-02-05 13:53:58,340 [main] INFO CountDown_Test_Framework - Data Reading
2019-02-05 13:55:32,869 [main] INFO CountDown_Test_Framework - URL is Opened
2019-02-05 13:55:36,551 [main] INFO CountDown_Test_Framework - Click on Search Filed
2019-02-05 13:55:36,552 [main] INFO CountDown_Test_Framework - Data Reading
2019-02-05 13:57:46,391 [main] INFO CountDown_Test_Framework - URL is Opened
2019-02-05 13:57:48,989 [main] INFO CountDown_Test_Framework - Entered Email Successfully
2019-02-05 13:57:49,115 [main] INFO CountDown_Test_Framework - Entered Password Successfully
2019-02-05 13:57:52,788 [main] INFO CountDown_Test_Framework - Click on Login Button Successfully
2019-02-05 13:57:52,801 [main] INFO CountDown_Test_Framework - Login Test Passed
2019-02-05 13:57:54,629 [main] INFO CountDown_Test_Framework - Click on Search Field
2019-02-05 13:57:54,629 [main] INFO CountDown_Test_Framework - Data Reading
2019-02-05 15:18:29,041 [main] INFO CountDown_Test_Framework - URL is Opened
2019-02-05 15:18:32,790 [main] INFO CountDown_Test_Framework - Click on Search Field
2019-02-05 15:18:32,790 [main] INFO CountDown_Test_Framework - Data Reading
2019-02-05 15:20:25,804 [main] INFO CountDown_Test_Framework - URL is Opened
2019-02-05 15:20:29,302 [main] INFO CountDown_Test_Framework - Click on Search Field
2019-02-05 15:20:29,303 [main] INFO CountDown_Test_Framework - Data Reading
2019-02-05 15:34:57,671 [main] INFO CountDown_Test_Framework - URL is Opened
2019-02-05 15:35:00,134 [main] INFO CountDown_Test_Framework - Entered Email Successfully
2019-02-05 15:35:00,220 [main] INFO CountDown_Test_Framework - Entered Password Successfully
2019-02-05 15:35:04,653 [main] INFO CountDown_Test_Framework - Click on Login Button Successfully
2019-02-05 15:35:04,665 [main] INFO CountDown_Test_Framework - Login Test Passed
2019-02-05 15:35:06,346 [main] INFO CountDown_Test_Framework - Click on Search Field
2019-02-05 15:35:06,347 [main] INFO CountDown_Test_Framework - Data Reading
2019-02-05 15:37:22,910 [main] INFO CountDown_Test_Framework - URL is Opened
2019-02-05 15:37:26,557 [main] INFO CountDown_Test_Framework - Click on Search Field
2019-02-05 15:37:26,559 [main] INFO CountDown_Test_Framework - Data Reading
2019-02-05 15:37:32,742 [main] INFO CountDown_Test_Framework - Search Items Test case Failed
2019-02-05 15:42:55,990 [main] INFO CountDown_Test_Framework - URL is Opened
2019-02-05 15:42:59,656 [main] INFO CountDown_Test_Framework - Click on Search Field
2019-02-05 15:42:59,657 [main] INFO CountDown_Test_Framework - Data Reading
2019-02-05 15:43:05,822 [main] INFO CountDown_Test_Framework - Search Items Test case Failed
2019-02-05 15:45:30,966 [main] INFO CountDown_Test_Framework - URL is Opened
2019-02-05 15:45:34,452 [main] INFO CountDown_Test_Framework - Click on Search Field
2019-02-05 15:45:34,453 [main] INFO CountDown_Test_Framework - Data Reading
2019-02-05 15:47:15,596 [main] INFO CountDown_Test_Framework - URL is Opened
2019-02-05 15:47:17,767 [main] INFO CountDown_Test_Framework - Entered Email Successfully
2019-02-05 15:47:17,856 [main] INFO CountDown_Test_Framework - Entered Password Successfully
2019-02-05 15:47:21,552 [main] INFO CountDown_Test_Framework - Click on Login Button Successfully
2019-02-05 15:47:21,568 [main] INFO CountDown_Test_Framework - Login Test Passed
2019-02-05 15:47:23,451 [main] INFO CountDown_Test_Framework - Click on Search Field
2019-02-05 15:47:23,452 [main] INFO CountDown_Test_Framework - Data Reading
2019-02-05 15:47:29,595 [main] INFO CountDown_Test_Framework - Search Items Test case Failed
2019-02-05 15:49:23,337 [main] INFO CountDown_Test_Framework - URL is Opened
2019-02-05 15:49:26,919 [main] INFO CountDown_Test_Framework - Click on Search Field
2019-02-05 15:49:26,920 [main] INFO CountDown_Test_Framework - Data Reading
2019-02-05 15:49:33,116 [main] INFO CountDown_Test_Framework - Search Items Test case Failed
2019-02-05 16:21:43,659 [main] INFO CountDown_Test_Framework - URL is Opened
2019-02-05 16:21:45,740 [main] INFO CountDown_Test_Framework - Entered Email Successfully
2019-02-05 16:21:45,829 [main] INFO CountDown_Test_Framework - Entered Password Successfully
2019-02-05 16:21:49,306 [main] INFO CountDown_Test_Framework - Click on Login Button Successfully
2019-02-05 16:21:49,318 [main] INFO CountDown_Test_Framework - Login Test Passed
2019-02-05 16:21:51,074 [main] INFO CountDown_Test_Framework - Click on Search Field
2019-02-05 16:21:51,074 [main] INFO CountDown_Test_Framework - Data Reading
2019-02-05 16:21:57,229 [main] INFO CountDown_Test_Framework - Search Items Test case Failed
2019-02-05 16:22:55,943 [main] INFO CountDown_Test_Framework - URL is Opened
2019-02-05 16:22:57,926 [main] INFO CountDown_Test_Framework - Entered Email Successfully
2019-02-05 16:22:58,013 [main] INFO CountDown_Test_Framework - Entered Password Successfully
2019-02-05 16:23:01,247 [main] INFO CountDown_Test_Framework - Click on Login Button Successfully
2019-02-05 16:23:01,261 [main] INFO CountDown_Test_Framework - Login Test Passed
2019-02-05 16:23:03,023 [main] INFO CountDown_Test_Framework - Click on Search Field
2019-02-05 16:23:03,024 [main] INFO CountDown_Test_Framework - Data Reading
2019-02-05 16:23:09,152 [main] INFO CountDown_Test_Framework - Search Items Test case Failed
2019-02-05 16:24:53,774 [main] INFO CountDown_Test_Framework - URL is Opened
2019-02-05 16:24:56,571 [main] INFO CountDown_Test_Framework - Entered Email Successfully
2019-02-05 16:24:56,666 [main] INFO CountDown_Test_Framework - Entered Password Successfully
2019-02-05 16:24:59,811 [main] INFO CountDown_Test_Framework - Click on Login Button Successfully
2019-02-05 16:24:59,827 [main] INFO CountDown_Test_Framework - Login Test Passed
2019-02-05 16:25:01,577 [main] INFO CountDown_Test_Framework - Click on Search Field
2019-02-05 16:25:01,578 [main] INFO CountDown_Test_Framework - Data Reading
2019-02-05 16:25:07,734 [main] INFO CountDown_Test_Framework - Search Items Test case Failed
2019-02-05 16:28:05,704 [main] INFO CountDown_Test_Framework - URL is Opened
2019-02-05 16:28:07,809 [main] INFO CountDown_Test_Framework - Entered Email Successfully
2019-02-05 16:28:07,900 [main] INFO CountDown_Test_Framework - Entered Password Successfully
2019-02-05 16:28:11,189 [main] INFO CountDown_Test_Framework - Click on Login Button Successfully
2019-02-05 16:28:11,203 [main] INFO CountDown_Test_Framework - Login Test Passed
2019-02-05 16:28:12,937 [main] INFO CountDown_Test_Framework - Click on Search Field
2019-02-05 16:28:12,937 [main] INFO CountDown_Test_Framework - Data Reading
2019-02-05 16:28:19,066 [main] INFO CountDown_Test_Framework - Search Items Test case Failed
2019-02-05 16:45:07,323 [main] INFO CountDown_Test_Framework - URL is Opened
2019-02-05 16:45:09,344 [main] INFO CountDown_Test_Framework - Entered Email Successfully
2019-02-05 16:45:09,430 [main] INFO CountDown_Test_Framework - Entered Password Successfully
2019-02-05 16:45:12,890 [main] INFO CountDown_Test_Framework - Click on Login Button Successfully
2019-02-05 16:45:12,906 [main] INFO CountDown_Test_Framework - Login Test Passed
2019-02-05 16:48:08,566 [main] INFO CountDown_Test_Framework - Clear the List
2019-02-05 16:48:24,590 [main] INFO CountDown_Test_Framework - URL is Opened
2019-02-05 16:51:17,806 [main] INFO CountDown_Test_Framework - Clear the List
2019-02-05 16:51:32,590 [main] INFO CountDown_Test_Framework - URL is Opened
2019-02-05 16:51:34,631 [main] INFO CountDown_Test_Framework - Entered Email Successfully
2019-02-05 16:51:34,728 [main] INFO CountDown_Test_Framework - Entered Password Successfully
2019-02-05 16:51:37,846 [main] INFO CountDown_Test_Framework - Click on Login Button Successfully
2019-02-05 16:51:37,862 [main] INFO CountDown_Test_Framework - Login Test Passed
2019-02-05 16:55:33,827 [main] INFO CountDown_Test_Framework - Clear the List
2019-02-05 16:55:48,376 [main] INFO CountDown_Test_Framework - URL is Opened
2019-02-05 16:55:50,324 [main] INFO CountDown_Test_Framework - Entered Email Successfully
2019-02-05 16:55:50,419 [main] INFO CountDown_Test_Framework - Entered Password Successfully
2019-02-05 16:55:53,537 [main] INFO CountDown_Test_Framework - Click on Login Button Successfully
2019-02-05 16:55:53,551 [main] INFO CountDown_Test_Framework - Login Test Passed
2019-02-05 16:56:57,453 [main] INFO CountDown_Test_Framework - Clear the List
2019-02-05 16:57:12,647 [main] INFO CountDown_Test_Framework - URL is Opened
2019-02-05 16:57:14,597 [main] INFO CountDown_Test_Framework - Entered Email Successfully
2019-02-05 16:57:14,693 [main] INFO CountDown_Test_Framework - Entered Password Successfully
2019-02-05 16:57:18,021 [main] INFO CountDown_Test_Framework - Click on Login Button Successfully
2019-02-05 16:57:18,039 [main] INFO CountDown_Test_Framework - Login Test Passed
2019-02-05 16:58:08,090 [main] INFO CountDown_Test_Framework - Clear the List
2019-02-05 16:58:30,001 [main] INFO CountDown_Test_Framework - URL is Opened
2019-02-05 17:00:59,092 [main] INFO CountDown_Test_Framework - URL is Opened
2019-02-05 17:01:01,134 [main] INFO CountDown_Test_Framework - Entered Email Successfully
2019-02-05 17:01:01,221 [main] INFO CountDown_Test_Framework - Entered Password Successfully
2019-02-05 17:01:04,699 [main] INFO CountDown_Test_Framework - Click on Login Button Successfully
2019-02-05 17:01:04,712 [main] INFO CountDown_Test_Framework - Login Test Passed
2019-02-05 17:01:06,449 [main] INFO CountDown_Test_Framework - Click on Search Field
2019-02-05 17:01:06,449 [main] INFO CountDown_Test_Framework - Data Reading
2019-02-05 17:01:12,512 [main] INFO CountDown_Test_Framework - Search Items Test case Failed
2019-02-05 17:22:31,575 [main] INFO CountDown_Test_Framework - URL is Opened
2019-02-05 17:22:33,914 [main] INFO CountDown_Test_Framework - Entered Email Successfully
2019-02-05 17:22:34,009 [main] INFO CountDown_Test_Framework - Entered Password Successfully
2019-02-05 17:22:37,203 [main] INFO CountDown_Test_Framework - Click on Login Button Successfully
2019-02-05 17:22:37,223 [main] INFO CountDown_Test_Framework - Login Test Passed
2019-02-05 17:22:38,985 [main] INFO CountDown_Test_Framework - Click on Search Field
2019-02-05 17:22:38,986 [main] INFO CountDown_Test_Framework - Data Reading
2019-02-05 17:22:44,988 [main] INFO CountDown_Test_Framework - Search Items Test case Failed
2019-02-05 17:24:52,985 [main] INFO CountDown_Test_Framework - URL is Opened
2019-02-05 17:24:55,036 [main] INFO CountDown_Test_Framework - Entered Email Successfully
2019-02-05 17:24:55,124 [main] INFO CountDown_Test_Framework - Entered Password Successfully
2019-02-05 17:24:58,741 [main] INFO CountDown_Test_Framework - Click on Login Button Successfully
2019-02-05 17:24:58,761 [main] INFO CountDown_Test_Framework - Login Test Passed
2019-02-05 17:25:00,452 [main] INFO CountDown_Test_Framework - Click on Search Field
2019-02-05 17:25:00,453 [main] INFO CountDown_Test_Framework - Data Reading
2019-02-05 17:25:06,555 [main] INFO CountDown_Test_Framework - Search Items Test case Failed
2019-02-05 17:31:12,292 [main] INFO CountDown_Test_Framework - Adding the quantity of products
2019-02-05 17:31:42,688 [main] INFO CountDown_Test_Framework - URL is Opened
2019-02-05 17:31:44,704 [main] INFO CountDown_Test_Framework - Entered Email Successfully
2019-02-05 17:31:44,792 [main] INFO CountDown_Test_Framework - Entered Password Successfully
2019-02-05 17:31:48,516 [main] INFO CountDown_Test_Framework - Click on Login Button Successfully
2019-02-05 17:31:48,534 [main] INFO CountDown_Test_Framework - Login Test Passed
2019-02-05 17:31:50,308 [main] INFO CountDown_Test_Framework - Click on Search Field
2019-02-05 17:31:50,309 [main] INFO CountDown_Test_Framework - Data Reading
2019-02-05 17:31:56,445 [main] INFO CountDown_Test_Framework - Search Items Test case Failed
2019-02-05 17:49:05,508 [main] INFO CountDown_Test_Framework - URL is Opened
2019-02-05 17:49:07,576 [main] INFO CountDown_Test_Framework - Entered Email Successfully
2019-02-05 17:49:07,667 [main] INFO CountDown_Test_Framework - Entered Password Successfully
2019-02-05 17:49:11,347 [main] INFO CountDown_Test_Framework - Click on Login Button Successfully
2019-02-05 17:49:11,365 [main] INFO CountDown_Test_Framework - Login Test Passed
2019-02-05 17:52:33,466 [main] INFO CountDown_Test_Framework - URL is Opened
2019-02-05 17:52:35,490 [main] INFO CountDown_Test_Framework - Entered Email Successfully
2019-02-05 17:52:35,579 [main] INFO CountDown_Test_Framework - Entered Password Successfully
2019-02-05 17:52:38,883 [main] INFO CountDown_Test_Framework - Click on Login Button Successfully
2019-02-05 17:52:38,901 [main] INFO CountDown_Test_Framework - Login Test Passed
2019-02-05 17:53:03,848 [main] INFO CountDown_Test_Framework - URL is Opened
2019-02-05 17:53:05,819 [main] INFO CountDown_Test_Framework - Entered Email Successfully
2019-02-05 17:53:05,914 [main] INFO CountDown_Test_Framework - Entered Password Successfully
2019-02-05 17:53:09,976 [main] INFO CountDown_Test_Framework - Click on Login Button Successfully
2019-02-05 17:53:09,991 [main] INFO CountDown_Test_Framework - Login Test Passed
2019-02-05 17:53:11,739 [main] INFO CountDown_Test_Framework - Click on Search Field
2019-02-05 17:53:11,739 [main] INFO CountDown_Test_Framework - Data Reading
2019-02-05 17:53:17,906 [main] INFO CountDown_Test_Framework - Search Items Test case Failed
2019-02-05 22:58:52,363 [main] INFO CountDown_Test_Framework - URL is Opened
2019-02-05 22:59:30,269 [main] INFO CountDown_Test_Framework - URL is Opened
2019-02-05 22:59:32,595 [main] INFO CountDown_Test_Framework - Entered Email Successfully
2019-02-05 22:59:32,685 [main] INFO CountDown_Test_Framework - Entered Password Successfully
2019-02-05 22:59:36,836 [main] INFO CountDown_Test_Framework - Click on Login Button Successfully
2019-02-05 22:59:36,865 [main] INFO CountDown_Test_Framework - Login Test Passed
2019-02-05 23:01:06,848 [main] INFO CountDown_Test_Framework - URL is Opened
2019-02-05 23:01:10,680 [main] INFO CountDown_Test_Framework - Click on Search Field
2019-02-05 23:01:10,681 [main] INFO CountDown_Test_Framework - Data Reading
2019-02-05 23:02:02,510 [main] INFO CountDown_Test_Framework - URL is Opened
2019-02-05 23:02:04,790 [main] INFO CountDown_Test_Framework - Entered Email Successfully
2019-02-05 23:02:04,892 [main] INFO CountDown_Test_Framework - Entered Password Successfully
2019-02-05 23:02:18,042 [main] INFO CountDown_Test_Framework - Click on Login Button Successfully
2019-02-05 23:02:18,072 [main] INFO CountDown_Test_Framework - Login Test Passed
2019-02-05 23:02:20,102 [main] INFO CountDown_Test_Framework - Click on Search Field
2019-02-05 23:02:20,102 [main] INFO CountDown_Test_Framework - Data Reading
2019-02-05 23:02:26,767 [main] INFO CountDown_Test_Framework - Search Items Test case Failed
2019-02-05 23:03:19,302 [main] INFO CountDown_Test_Framework - URL is Opened
2019-02-05 23:03:21,661 [main] INFO CountDown_Test_Framework - Entered Email Successfully
2019-02-05 23:03:21,767 [main] INFO CountDown_Test_Framework - Entered Password Successfully
2019-02-05 23:03:30,429 [main] INFO CountDown_Test_Framework - Click on Login Button Successfully
2019-02-05 23:03:30,459 [main] INFO CountDown_Test_Framework - Login Test Passed
2019-02-05 23:03:32,470 [main] INFO CountDown_Test_Framework - Click on Search Field
2019-02-05 23:03:32,471 [main] INFO CountDown_Test_Framework - Data Reading
2019-02-05 23:03:39,068 [main] INFO CountDown_Test_Framework - Search Items Test case Failed
2019-02-05 23:37:53,014 [main] INFO CountDown_Test_Framework - URL is Opened
2019-02-05 23:37:55,127 [main] INFO CountDown_Test_Framework - Entered Email Successfully
2019-02-05 23:37:55,221 [main] INFO CountDown_Test_Framework - Entered Password Successfully
2019-02-05 23:38:01,107 [main] INFO CountDown_Test_Framework - Click on Login Button Successfully
2019-02-05 23:38:01,124 [main] INFO CountDown_Test_Framework - Login Test Passed
2019-02-05 23:38:03,090 [main] INFO CountDown_Test_Framework - Click on Search Field
2019-02-05 23:38:03,091 [main] INFO CountDown_Test_Framework - Data Reading
2019-02-05 23:38:09,606 [main] INFO CountDown_Test_Framework - Search Items Test case Failed
2019-02-05 23:38:53,400 [main] INFO CountDown_Test_Framework - URL is Opened
2019-02-05 23:38:55,745 [main] INFO CountDown_Test_Framework - Entered Email Successfully
2019-02-05 23:38:55,841 [main] INFO CountDown_Test_Framework - Entered Password Successfully
2019-02-05 23:38:59,820 [main] INFO CountDown_Test_Framework - Click on Login Button Successfully
2019-02-05 23:38:59,838 [main] INFO CountDown_Test_Framework - Login Test Passed
2019-02-05 23:39:01,837 [main] INFO CountDown_Test_Framework - Click on Search Field
2019-02-05 23:39:01,838 [main] INFO CountDown_Test_Framework - Data Reading
2019-02-05 23:39:08,478 [main] INFO CountDown_Test_Framework - Search Items Test case Failed
2019-02-05 23:46:38,527 [main] INFO CountDown_Test_Framework - URL is Opened
2019-02-05 23:46:40,839 [main] INFO CountDown_Test_Framework - Entered Email Successfully
2019-02-05 23:46:40,932 [main] INFO CountDown_Test_Framework - Entered Password Successfully
2019-02-05 23:46:44,902 [main] INFO CountDown_Test_Framework - Click on Login Button Successfully
2019-02-05 23:46:44,930 [main] INFO CountDown_Test_Framework - Login Test Passed
2019-02-05 23:46:47,000 [main] INFO CountDown_Test_Framework - Click on Search Field
2019-02-05 23:46:47,004 [main] INFO CountDown_Test_Framework - Data Reading
2019-02-05 23:46:53,785 [main] INFO CountDown_Test_Framework - Search Items Test case Failed
2019-02-05 23:47:31,363 [main] INFO CountDown_Test_Framework - URL is Opened
2019-02-05 23:47:35,880 [main] INFO CountDown_Test_Framework - Click on Search Field
2019-02-05 23:47:35,882 [main] INFO CountDown_Test_Framework - Data Reading
2019-02-05 23:47:42,671 [main] INFO CountDown_Test_Framework - Search Items Test case Failed
2019-02-05 23:48:26,674 [main] INFO CountDown_Test_Framework - URL is Opened
2019-02-05 23:48:29,238 [main] INFO CountDown_Test_Framework - Entered Email Successfully
2019-02-05 23:48:29,374 [main] INFO CountDown_Test_Framework - Entered Password Successfully
2019-02-05 23:48:33,559 [main] INFO CountDown_Test_Framework - Click on Login Button Successfully
2019-02-05 23:48:33,585 [main] INFO CountDown_Test_Framework - Login Test Passed
2019-02-05 23:48:35,875 [main] INFO CountDown_Test_Framework - Click on Search Field
2019-02-05 23:48:35,879 [main] INFO CountDown_Test_Framework - Data Reading
2019-02-05 23:48:42,765 [main] INFO CountDown_Test_Framework - Search Items Test case Failed
2019-02-05 23:49:16,559 [main] INFO CountDown_Test_Framework - URL is Opened
2019-02-05 23:49:19,083 [main] INFO CountDown_Test_Framework - Entered Email Successfully
2019-02-05 23:49:19,196 [main] INFO CountDown_Test_Framework - Entered Password Successfully
2019-02-05 23:49:23,129 [main] INFO CountDown_Test_Framework - Click on Login Button Successfully
2019-02-05 23:49:23,158 [main] INFO CountDown_Test_Framework - Login Test Passed
2019-02-05 23:49:25,351 [main] INFO CountDown_Test_Framework - Click on Search Field
2019-02-05 23:49:25,355 [main] INFO CountDown_Test_Framework - Data Reading
2019-02-05 23:49:32,204 [main] INFO CountDown_Test_Framework - Search Items Test case Failed
2019-02-05 23:50:01,736 [main] INFO CountDown_Test_Framework - URL is Opened
2019-02-05 23:50:04,373 [main] INFO CountDown_Test_Framework - Entered Email Successfully
2019-02-05 23:50:04,472 [main] INFO CountDown_Test_Framework - Entered Password Successfully
2019-02-05 23:50:11,634 [main] INFO CountDown_Test_Framework - Click on Login Button Successfully
2019-02-05 23:50:11,654 [main] INFO CountDown_Test_Framework - Login Test Passed
2019-02-05 23:50:13,948 [main] INFO CountDown_Test_Framework - Click on Search Field
2019-02-05 23:50:13,948 [main] INFO CountDown_Test_Framework - Data Reading
2019-02-05 23:50:20,655 [main] INFO CountDown_Test_Framework - Search Items Test case Failed
2019-02-05 23:51:57,332 [main] INFO CountDown_Test_Framework - URL is Opened
2019-02-05 23:52:01,700 [main] INFO CountDown_Test_Framework - Click on Search Field
2019-02-05 23:52:01,700 [main] INFO CountDown_Test_Framework - Data Reading
2019-02-05 23:52:09,083 [main] INFO CountDown_Test_Framework - Search Items Test case Failed
2019-02-05 23:53:01,494 [main] INFO CountDown_Test_Framework - URL is Opened
2019-02-05 23:53:04,509 [main] INFO CountDown_Test_Framework - Entered Email Successfully
2019-02-05 23:53:04,651 [main] INFO CountDown_Test_Framework - Entered Password Successfully
2019-02-05 23:53:08,658 [main] INFO CountDown_Test_Framework - Click on Login Button Successfully
2019-02-05 23:53:08,686 [main] INFO CountDown_Test_Framework - Login Test Passed
2019-02-05 23:53:11,004 [main] INFO CountDown_Test_Framework - Click on Search Field
2019-02-05 23:53:11,004 [main] INFO CountDown_Test_Framework - Data Reading
2019-02-05 23:53:18,057 [main] INFO CountDown_Test_Framework - Search Items Test case Failed
2019-02-05 23:55:12,992 [main] INFO CountDown_Test_Framework - URL is Opened
2019-02-05 23:55:15,485 [main] INFO CountDown_Test_Framework - Entered Email Successfully
2019-02-05 23:55:15,583 [main] INFO CountDown_Test_Framework - Entered Password Successfully
2019-02-05 23:55:19,934 [main] INFO CountDown_Test_Framework - Click on Login Button Successfully
2019-02-05 23:55:19,958 [main] INFO CountDown_Test_Framework - Login Test Passed
2019-02-05 23:55:22,206 [main] INFO CountDown_Test_Framework - Click on Search Field
2019-02-05 23:55:22,206 [main] INFO CountDown_Test_Framework - Data Reading
2019-02-05 23:55:28,797 [main] INFO CountDown_Test_Framework - Search Items Test case Failed
2019-02-06 00:02:20,257 [main] INFO CountDown_Test_Framework - URL is Opened
2019-02-06 00:02:22,931 [main] INFO CountDown_Test_Framework - Entered Email Successfully
2019-02-06 00:02:23,033 [main] INFO CountDown_Test_Framework - Entered Password Successfully
2019-02-06 00:02:26,744 [main] INFO CountDown_Test_Framework - Click on Login Button Successfully
2019-02-06 00:02:26,781 [main] INFO CountDown_Test_Framework - Login Test Passed
2019-02-06 00:02:28,928 [main] INFO CountDown_Test_Framework - Click on Search Field
2019-02-06 00:02:28,928 [main] INFO CountDown_Test_Framework - Data Reading
2019-02-06 00:02:35,562 [main] INFO CountDown_Test_Framework - Search Items Test case Failed
2019-02-06 00:04:13,368 [main] INFO CountDown_Test_Framework - URL is Opened
2019-02-06 00:04:16,406 [main] INFO CountDown_Test_Framework - Entered Email Successfully
2019-02-06 00:04:16,537 [main] INFO CountDown_Test_Framework - Entered Password Successfully
2019-02-06 00:04:20,264 [main] INFO CountDown_Test_Framework - Click on Login Button Successfully
2019-02-06 00:04:20,288 [main] INFO CountDown_Test_Framework - Login Test Passed
2019-02-06 00:04:22,504 [main] INFO CountDown_Test_Framework - Click on Search Field
2019-02-06 00:04:22,504 [main] INFO CountDown_Test_Framework - Data Reading
2019-02-06 00:04:30,124 [main] INFO CountDown_Test_Framework - Search Items Test case Failed
2019-02-06 00:09:34,893 [main] INFO CountDown_Test_Framework - URL is Opened
2019-02-06 00:09:37,315 [main] INFO CountDown_Test_Framework - Entered Email Successfully
2019-02-06 00:09:37,412 [main] INFO CountDown_Test_Framework - Entered Password Successfully
2019-02-06 00:09:41,439 [main] INFO CountDown_Test_Framework - Click on Login Button Successfully
2019-02-06 00:09:41,467 [main] INFO CountDown_Test_Framework - Login Test Passed
2019-02-06 00:09:43,643 [main] INFO CountDown_Test_Framework - Click on Search Field
2019-02-06 00:09:43,645 [main] INFO CountDown_Test_Framework - Data Reading
2019-02-06 00:09:50,055 [main] INFO CountDown_Test_Framework - Search Items Test case Failed
2019-02-06 00:14:12,472 [main] INFO CountDown_Test_Framework - URL is Opened
2019-02-06 00:14:15,032 [main] INFO CountDown_Test_Framework - Entered Email Successfully
2019-02-06 00:14:15,226 [main] INFO CountDown_Test_Framework - Entered Password Successfully
2019-02-06 00:14:19,183 [main] INFO CountDown_Test_Framework - Click on Login Button Successfully
2019-02-06 00:14:19,190 [main] INFO CountDown_Test_Framework - Login Test Passed
2019-02-06 00:14:21,410 [main] INFO CountDown_Test_Framework - Click on Search Field
2019-02-06 00:14:21,410 [main] INFO CountDown_Test_Framework - Data Reading
2019-02-06 00:14:27,597 [main] INFO CountDown_Test_Framework - Search Items Test case Failed
2019-02-06 00:22:05,497 [main] INFO CountDown_Test_Framework - Adding the quantity of products
2019-02-06 00:22:15,232 [main] INFO CountDown_Test_Framework - URL is Opened
2019-02-06 00:22:17,144 [main] INFO CountDown_Test_Framework - Entered Email Successfully
2019-02-06 00:22:17,267 [main] INFO CountDown_Test_Framework - Entered Password Successfully
2019-02-06 00:22:20,402 [main] INFO CountDown_Test_Framework - Click on Login Button Successfully
2019-02-06 00:22:20,427 [main] INFO CountDown_Test_Framework - Login Test Passed
2019-02-06 00:22:22,358 [main] INFO CountDown_Test_Framework - Click on Search Field
2019-02-06 00:22:22,358 [main] INFO CountDown_Test_Framework - Data Reading
2019-02-06 00:22:28,998 [main] INFO CountDown_Test_Framework - Search Items Test case Failed
2019-02-06 00:25:12,557 [main] INFO CountDown_Test_Framework - Adding the quantity of products
2019-02-06 00:25:23,199 [main] INFO CountDown_Test_Framework - URL is Opened
2019-02-06 00:25:25,515 [main] INFO CountDown_Test_Framework - Entered Email Successfully
2019-02-06 00:25:25,614 [main] INFO CountDown_Test_Framework - Entered Password Successfully
2019-02-06 00:25:29,052 [main] INFO CountDown_Test_Framework - Click on Login Button Successfully
2019-02-06 00:25:29,079 [main] INFO CountDown_Test_Framework - Login Test Passed
2019-02-06 00:25:31,151 [main] INFO CountDown_Test_Framework - Click on Search Field
2019-02-06 00:25:31,151 [main] INFO CountDown_Test_Framework - Data Reading
2019-02-06 00:25:37,905 [main] INFO CountDown_Test_Framework - Search Items Test case Failed
2019-02-06 00:36:13,905 [main] INFO CountDown_Test_Framework - Adding the quantity of products
2019-02-06 00:36:24,829 [main] INFO CountDown_Test_Framework - URL is Opened
2019-02-06 00:36:27,790 [main] INFO CountDown_Test_Framework - Entered Email Successfully
2019-02-06 00:36:27,925 [main] INFO CountDown_Test_Framework - Entered Password Successfully
2019-02-06 00:36:35,006 [main] INFO CountDown_Test_Framework - Click on Login Button Successfully
2019-02-06 00:36:35,022 [main] INFO CountDown_Test_Framework - Login Test Passed
2019-02-06 00:36:37,066 [main] INFO CountDown_Test_Framework - Click on Search Field
2019-02-06 00:36:37,066 [main] INFO CountDown_Test_Framework - Data Reading
2019-02-06 00:36:44,278 [main] INFO CountDown_Test_Framework - Search Items Test case Failed
2019-02-06 00:39:04,553 [main] INFO CountDown_Test_Framework - Adding the quantity of products
2019-02-06 00:39:15,274 [main] INFO CountDown_Test_Framework - URL is Opened
2019-02-06 00:39:17,652 [main] INFO CountDown_Test_Framework - Entered Email Successfully
2019-02-06 00:39:17,751 [main] INFO CountDown_Test_Framework - Entered Password Successfully
2019-02-06 00:39:21,483 [main] INFO CountDown_Test_Framework - Click on Login Button Successfully
2019-02-06 00:39:21,516 [main] INFO CountDown_Test_Framework - Login Test Passed
2019-02-06 00:39:23,763 [main] INFO CountDown_Test_Framework - Click on Search Field
2019-02-06 00:39:23,763 [main] INFO CountDown_Test_Framework - Data Reading
2019-02-06 00:39:30,467 [main] INFO CountDown_Test_Framework - Search Items Test case Failed
2019-02-06 00:47:15,077 [main] INFO CountDown_Test_Framework - Adding the quantity of products
2019-02-06 00:47:26,316 [main] INFO CountDown_Test_Framework - URL is Opened
2019-02-06 00:47:28,722 [main] INFO CountDown_Test_Framework - Entered Email Successfully
2019-02-06 00:47:28,819 [main] INFO CountDown_Test_Framework - Entered Password Successfully
2019-02-06 00:47:32,514 [main] INFO CountDown_Test_Framework - Click on Login Button Successfully
2019-02-06 00:47:32,532 [main] INFO CountDown_Test_Framework - Login Test Passed
2019-02-06 00:47:34,715 [main] INFO CountDown_Test_Framework - Click on Search Field
2019-02-06 00:47:34,715 [main] INFO CountDown_Test_Framework - Data Reading
2019-02-06 00:47:41,338 [main] INFO CountDown_Test_Framework - Search Items Test case Failed
2019-02-06 09:23:40,389 [main] INFO CountDown_Test_Framework - Adding the quantity of products
2019-02-06 09:23:52,326 [main] INFO CountDown_Test_Framework - URL is Opened
2019-02-06 09:23:54,818 [main] INFO CountDown_Test_Framework - Entered Email Successfully
2019-02-06 09:23:54,965 [main] INFO CountDown_Test_Framework - Entered Password Successfully
2019-02-06 09:23:59,126 [main] INFO CountDown_Test_Framework - Click on Login Button Successfully
2019-02-06 09:23:59,147 [main] INFO CountDown_Test_Framework - Login Test Passed
2019-02-06 09:24:03,031 [main] INFO CountDown_Test_Framework - Click on Search Field
2019-02-06 09:24:03,031 [main] INFO CountDown_Test_Framework - Data Reading
2019-02-06 09:24:09,656 [main] INFO CountDown_Test_Framework - Search Items Test case Failed
2019-02-06 09:25:13,489 [main] INFO CountDown_Test_Framework - URL is Opened
2019-02-06 09:25:15,637 [main] INFO CountDown_Test_Framework - Entered Email Successfully
2019-02-06 09:25:15,764 [main] INFO CountDown_Test_Framework - Entered Password Successfully
2019-02-06 09:25:19,856 [main] INFO CountDown_Test_Framework - Click on Login Button Successfully
2019-02-06 09:25:19,873 [main] INFO CountDown_Test_Framework - Login Test Passed
2019-02-06 09:29:35,911 [main] INFO CountDown_Test_Framework - URL is Opened
2019-02-06 09:29:38,090 [main] INFO CountDown_Test_Framework - Entered Email Successfully
2019-02-06 09:29:38,194 [main] INFO CountDown_Test_Framework - Entered Password Successfully
2019-02-06 09:29:42,010 [main] INFO CountDown_Test_Framework - Click on Login Button Successfully
2019-02-06 09:29:42,028 [main] INFO CountDown_Test_Framework - Login Test Passed
2019-02-06 09:40:13,286 [main] INFO CountDown_Test_Framework - URL is Opened
2019-02-06 09:40:15,720 [main] INFO CountDown_Test_Framework - Entered Email Successfully
2019-02-06 09:40:15,865 [main] INFO CountDown_Test_Framework - Entered Password Successfully
2019-02-06 09:40:19,876 [main] INFO CountDown_Test_Framework - Click on Login Button Successfully
2019-02-06 09:40:19,909 [main] INFO CountDown_Test_Framework - Login Test Passed
2019-02-06 09:40:23,202 [main] INFO CountDown_Test_Framework - Save Trolly Test Case Falied
2019-02-06 09:49:25,228 [main] INFO CountDown_Test_Framework - Clear the List
2019-02-06 09:49:37,041 [main] INFO CountDown_Test_Framework - URL is Opened
2019-02-06 09:49:39,444 [main] INFO CountDown_Test_Framework - Entered Email Successfully
2019-02-06 09:49:39,538 [main] INFO CountDown_Test_Framework - Entered Password Successfully
2019-02-06 09:49:43,604 [main] INFO CountDown_Test_Framework - Click on Login Button Successfully
2019-02-06 09:49:43,623 [main] INFO CountDown_Test_Framework - Login Test Passed
2019-02-06 09:51:14,918 [main] INFO CountDown_Test_Framework - Clear the List
2019-02-06 09:51:27,132 [main] INFO CountDown_Test_Framework - URL is Opened
2019-02-06 09:51:29,454 [main] INFO CountDown_Test_Framework - Entered Email Successfully
2019-02-06 09:51:29,557 [main] INFO CountDown_Test_Framework - Entered Password Successfully
2019-02-06 09:51:33,483 [main] INFO CountDown_Test_Framework - Click on Login Button Successfully
2019-02-06 09:51:33,511 [main] INFO CountDown_Test_Framework - Login Test Passed
2019-02-06 09:54:47,528 [main] INFO CountDown_Test_Framework - Clear the List
2019-02-06 09:54:58,350 [main] INFO CountDown_Test_Framework - URL is Opened
2019-02-06 09:55:00,636 [main] INFO CountDown_Test_Framework - Entered Email Successfully
2019-02-06 09:55:00,764 [main] INFO CountDown_Test_Framework - Entered Password Successfully
2019-02-06 09:55:04,508 [main] INFO CountDown_Test_Framework - Click on Login Button Successfully
2019-02-06 09:55:04,540 [main] INFO CountDown_Test_Framework - Login Test Passed
2019-02-06 09:58:08,995 [main] INFO CountDown_Test_Framework - Clear the List
2019-02-06 09:58:20,147 [main] INFO CountDown_Test_Framework - URL is Opened
2019-02-06 09:58:22,316 [main] INFO CountDown_Test_Framework - Entered Email Successfully
2019-02-06 09:58:22,487 [main] INFO CountDown_Test_Framework - Entered Password Successfully
2019-02-06 09:58:26,236 [main] INFO CountDown_Test_Framework - Click on Login Button Successfully
2019-02-06 09:58:26,253 [main] INFO CountDown_Test_Framework - Login Test Passed
2019-02-06 09:59:02,537 [main] INFO CountDown_Test_Framework - Clear the List
2019-02-06 09:59:12,382 [main] INFO CountDown_Test_Framework - URL is Opened
2019-02-06 09:59:14,629 [main] INFO CountDown_Test_Framework - Entered Email Successfully
2019-02-06 09:59:14,723 [main] INFO CountDown_Test_Framework - Entered Password Successfully
2019-02-06 09:59:18,632 [main] INFO CountDown_Test_Framework - Click on Login Button Successfully
2019-02-06 09:59:18,664 [main] INFO CountDown_Test_Framework - Login Test Passed
2019-02-06 09:59:37,793 [main] INFO CountDown_Test_Framework - Clear the List
2019-02-06 09:59:48,493 [main] INFO CountDown_Test_Framework - URL is Opened
2019-02-06 09:59:50,783 [main] INFO CountDown_Test_Framework - Entered Email Successfully
2019-02-06 09:59:50,885 [main] INFO CountDown_Test_Framework - Entered Password Successfully
2019-02-06 09:59:54,759 [main] INFO CountDown_Test_Framework - Click on Login Button Successfully
2019-02-06 09:59:54,781 [main] INFO CountDown_Test_Framework - Login Test Passed
2019-02-06 10:01:55,684 [main] INFO CountDown_Test_Framework - URL is Opened
2019-02-06 10:01:57,866 [main] INFO CountDown_Test_Framework - Entered Email Successfully
2019-02-06 10:01:57,978 [main] INFO CountDown_Test_Framework - Entered Password Successfully
2019-02-06 10:02:01,796 [main] INFO CountDown_Test_Framework - Click on Login Button Successfully
2019-02-06 10:02:01,831 [main] INFO CountDown_Test_Framework - Login Test Passed
2019-02-06 10:02:04,056 [main] INFO CountDown_Test_Framework - Click on Search Field
2019-02-06 10:02:04,056 [main] INFO CountDown_Test_Framework - Data Reading
2019-02-06 10:02:10,677 [main] INFO CountDown_Test_Framework - Search Items Test case Failed
2019-02-06 10:08:43,288 [main] INFO CountDown_Test_Framework - URL is Opened
2019-02-06 10:08:44,792 [main] INFO CountDown_Test_Framework - Entered Email Successfully
2019-02-06 10:08:44,884 [main] INFO CountDown_Test_Framework - Entered Password Successfully
2019-02-06 10:08:48,720 [main] INFO CountDown_Test_Framework - Click on Login Button Successfully
2019-02-06 10:08:49,220 [main] INFO CountDown_Test_Framework - Login Test Failed
2019-02-06 10:10:23,589 [main] INFO CountDown_Test_Framework - This Testcase runs using EXcel Data Reader
2019-02-06 10:10:34,088 [main] INFO CountDown_Test_Framework - URL is Opened
2019-02-06 10:10:35,291 [main] INFO CountDown_Test_Framework - Entered Email Successfully
2019-02-06 10:10:35,382 [main] INFO CountDown_Test_Framework - Entered Password Successfully
2019-02-06 10:10:39,080 [main] INFO CountDown_Test_Framework - Click on Login Button Successfully
2019-02-06 10:10:39,106 [main] INFO CountDown_Test_Framework - Login Test Passed
2019-02-06 10:12:35,407 [main] INFO CountDown_Test_Framework - URL is Opened
2019-02-06 10:12:37,559 [main] INFO CountDown_Test_Framework - Entered Email Successfully
2019-02-06 10:12:37,671 [main] INFO CountDown_Test_Framework - Entered Password Successfully
2019-02-06 10:12:41,342 [main] INFO CountDown_Test_Framework - Click on Login Button Successfully
2019-02-06 10:12:41,358 [main] INFO CountDown_Test_Framework - Login Test Passed
2019-02-06 10:12:44,562 [main] INFO CountDown_Test_Framework - This Testcase runs using EXcel Data Reader
2019-02-06 10:12:51,707 [main] INFO CountDown_Test_Framework - URL is Opened
2019-02-06 10:12:52,765 [main] INFO CountDown_Test_Framework - Entered Email Successfully
2019-02-06 10:12:52,853 [main] INFO CountDown_Test_Framework - Entered Password Successfully
2019-02-06 10:12:56,095 [main] INFO CountDown_Test_Framework - Click on Login Button Successfully
2019-02-06 10:12:56,114 [main] INFO CountDown_Test_Framework - Login Test Passed
2019-02-06 10:13:08,358 [main] INFO CountDown_Test_Framework - URL is Opened
2019-02-06 10:13:10,543 [main] INFO CountDown_Test_Framework - Entered Email Successfully
2019-02-06 10:13:10,649 [main] INFO CountDown_Test_Framework - Entered Password Successfully
2019-02-06 10:13:14,469 [main] INFO CountDown_Test_Framework - Click on Login Button Successfully
2019-02-06 10:13:14,494 [main] INFO CountDown_Test_Framework - Login Test Passed
2019-02-06 10:13:16,484 [main] INFO CountDown_Test_Framework - Click on Search Field
2019-02-06 10:13:16,484 [main] INFO CountDown_Test_Framework - Data Reading
2019-02-06 10:13:23,119 [main] INFO CountDown_Test_Framework - Search Items Test case Failed
2019-02-06 10:13:33,208 [main] INFO CountDown_Test_Framework - URL is Opened
2019-02-06 10:13:35,336 [main] INFO CountDown_Test_Framework - Entered Email Successfully
2019-02-06 10:13:35,430 [main] INFO CountDown_Test_Framework - Entered Password Successfully
2019-02-06 10:13:38,745 [main] INFO CountDown_Test_Framework - Click on Login Button Successfully
2019-02-06 10:13:38,757 [main] INFO CountDown_Test_Framework - Login Test Passed
2019-02-06 10:13:38,765 [main] INFO CountDown_Test_Framework - Save the items in the trolly successfully
2019-02-06 10:13:41,884 [main] INFO CountDown_Test_Framework - Save Trolly Test Case Falied
2019-02-06 10:30:33,838 [main] INFO CountDown_Test_Framework - Adding the quantity of products
2019-02-06 10:30:46,918 [main] INFO CountDown_Test_Framework - URL is Opened
2019-02-06 10:30:49,101 [main] INFO CountDown_Test_Framework - Entered Email Successfully
2019-02-06 10:30:49,201 [main] INFO CountDown_Test_Framework - Entered Password Successfully
2019-02-06 10:30:53,232 [main] INFO CountDown_Test_Framework - Click on Login Button Successfully
2019-02-06 10:30:53,261 [main] INFO CountDown_Test_Framework - Login Test Passed
2019-02-06 10:30:55,510 [main] INFO CountDown_Test_Framework - Click on Search Field
2019-02-06 10:30:55,510 [main] INFO CountDown_Test_Framework - Data Reading
2019-02-06 10:31:02,248 [main] INFO CountDown_Test_Framework - Search Items Test case Failed
2019-02-06 10:31:28,449 [main] INFO CountDown_Test_Framework - Adding the quantity of products
2019-02-06 10:31:40,687 [main] INFO CountDown_Test_Framework - URL is Opened
2019-02-06 10:31:43,427 [main] INFO CountDown_Test_Framework - Entered Email Successfully
2019-02-06 10:31:43,531 [main] INFO CountDown_Test_Framework - Entered Password Successfully
2019-02-06 10:31:47,729 [main] INFO CountDown_Test_Framework - Click on Login Button Successfully
2019-02-06 10:31:47,762 [main] INFO CountDown_Test_Framework - Login Test Passed
2019-02-06 10:31:49,990 [main] INFO CountDown_Test_Framework - Click on Search Field
2019-02-06 10:31:49,990 [main] INFO CountDown_Test_Framework - Data Reading
2019-02-06 10:31:56,614 [main] INFO CountDown_Test_Framework - Search Items Test case Failed
2019-02-06 10:35:40,675 [main] INFO CountDown_Test_Framework - Adding the quantity of products
2019-02-06 10:35:54,169 [main] INFO CountDown_Test_Framework - URL is Opened
2019-02-06 10:35:56,461 [main] INFO CountDown_Test_Framework - Entered Email Successfully
2019-02-06 10:35:56,558 [main] INFO CountDown_Test_Framework - Entered Password Successfully
2019-02-06 10:36:01,564 [main] INFO CountDown_Test_Framework - Click on Login Button Successfully
2019-02-06 10:36:01,599 [main] INFO CountDown_Test_Framework - Login Test Passed
2019-02-06 10:36:03,655 [main] INFO CountDown_Test_Framework - Click on Search Field
2019-02-06 10:36:03,655 [main] INFO CountDown_Test_Framework - Data Reading
2019-02-06 10:36:10,470 [main] INFO CountDown_Test_Framework - Search Items Test case Failed
2019-02-06 11:18:32,611 [main] INFO CountDown_Test_Framework - Adding the quantity of products
2019-02-06 11:18:45,915 [main] INFO CountDown_Test_Framework - URL is Opened
2019-02-06 11:18:48,089 [main] INFO CountDown_Test_Framework - Entered Email Successfully
2019-02-06 11:18:48,190 [main] INFO CountDown_Test_Framework - Entered Password Successfully
2019-02-06 11:18:51,786 [main] INFO CountDown_Test_Framework - Click on Login Button Successfully
2019-02-06 11:18:51,800 [main] INFO CountDown_Test_Framework - Login Test Passed
2019-02-06 11:18:53,602 [main] INFO CountDown_Test_Framework - Click on Search Field
2019-02-06 11:18:53,602 [main] INFO CountDown_Test_Framework - Data Reading
2019-02-06 11:18:59,759 [main] INFO CountDown_Test_Framework - Search Items Test case Failed
2019-02-06 11:28:30,259 [main] INFO CountDown_Test_Framework - Adding the quantity of products
2019-02-06 11:28:43,571 [main] INFO CountDown_Test_Framework - URL is Opened
2019-02-06 11:28:45,645 [main] INFO CountDown_Test_Framework - Entered Email Successfully
2019-02-06 11:28:45,746 [main] INFO CountDown_Test_Framework - Entered Password Successfully
2019-02-06 11:28:49,503 [main] INFO CountDown_Test_Framework - Click on Login Button Successfully
2019-02-06 11:28:49,515 [main] INFO CountDown_Test_Framework - Login Test Passed
2019-02-06 11:28:51,312 [main] INFO CountDown_Test_Framework - Click on Search Field
2019-02-06 11:28:51,313 [main] INFO CountDown_Test_Framework - Data Reading
2019-02-06 11:28:57,377 [main] INFO CountDown_Test_Framework - Search Items Test case Failed
2019-02-06 11:29:42,534 [main] INFO CountDown_Test_Framework - Adding the quantity of products
2019-02-06 11:29:54,794 [main] INFO CountDown_Test_Framework - URL is Opened
2019-02-06 11:29:56,927 [main] INFO CountDown_Test_Framework - Entered Email Successfully
2019-02-06 11:29:57,024 [main] INFO CountDown_Test_Framework - Entered Password Successfully
2019-02-06 11:30:00,363 [main] INFO CountDown_Test_Framework - Click on Login Button Successfully
2019-02-06 11:30:00,376 [main] INFO CountDown_Test_Framework - Login Test Passed
2019-02-06 11:30:02,179 [main] INFO CountDown_Test_Framework - Click on Search Field
2019-02-06 11:30:02,179 [main] INFO CountDown_Test_Framework - Data Reading
2019-02-06 11:30:08,222 [main] INFO CountDown_Test_Framework - Search Items Test case Failed
2019-02-06 11:30:43,302 [main] INFO CountDown_Test_Framework - Adding the quantity of products
2019-02-06 11:30:55,829 [main] INFO CountDown_Test_Framework - URL is Opened
2019-02-06 11:30:57,954 [main] INFO CountDown_Test_Framework - Entered Email Successfully
2019-02-06 11:30:58,067 [main] INFO CountDown_Test_Framework - Entered Password Successfully
2019-02-06 11:31:01,690 [main] INFO CountDown_Test_Framework - Click on Login Button Successfully
2019-02-06 11:31:01,706 [main] INFO CountDown_Test_Framework - Login Test Passed
2019-02-06 11:31:03,483 [main] INFO CountDown_Test_Framework - Click on Search Field
2019-02-06 11:31:03,483 [main] INFO CountDown_Test_Framework - Data Reading
2019-02-06 11:31:09,533 [main] INFO CountDown_Test_Framework - Search Items Test case Failed
2019-02-06 11:32:38,486 [main] INFO CountDown_Test_Framework - Adding the quantity of products
2019-02-06 11:32:50,443 [main] INFO CountDown_Test_Framework - URL is Opened
2019-02-06 11:32:52,500 [main] INFO CountDown_Test_Framework - Entered Email Successfully
2019-02-06 11:32:52,600 [main] INFO CountDown_Test_Framework - Entered Password Successfully
2019-02-06 11:32:56,172 [main] INFO CountDown_Test_Framework - Click on Login Button Successfully
2019-02-06 11:32:56,186 [main] INFO CountDown_Test_Framework - Login Test Passed
2019-02-06 11:32:57,972 [main] INFO CountDown_Test_Framework - Click on Search Field
2019-02-06 11:32:57,972 [main] INFO CountDown_Test_Framework - Data Reading
2019-02-06 11:33:04,074 [main] INFO CountDown_Test_Framework - Search Items Test case Failed
2019-02-06 11:38:46,143 [main] INFO CountDown_Test_Framework - Adding the quantity of products
2019-02-06 11:38:59,316 [main] INFO CountDown_Test_Framework - URL is Opened
2019-02-06 11:39:01,594 [main] INFO CountDown_Test_Framework - Entered Email Successfully
2019-02-06 11:39:01,695 [main] INFO CountDown_Test_Framework - Entered Password Successfully
2019-02-06 11:39:05,357 [main] INFO CountDown_Test_Framework - Click on Login Button Successfully
2019-02-06 11:39:05,386 [main] INFO CountDown_Test_Framework - Login Test Passed
2019-02-06 11:39:07,572 [main] INFO CountDown_Test_Framework - Click on Search Field
2019-02-06 11:39:07,572 [main] INFO CountDown_Test_Framework - Data Reading
2019-02-06 11:39:23,739 [main] INFO CountDown_Test_Framework - Adding the quantity of products
2019-02-06 11:39:36,539 [main] INFO CountDown_Test_Framework - URL is Opened
2019-02-06 11:39:39,591 [main] INFO CountDown_Test_Framework - Entered Email Successfully
2019-02-06 11:39:39,707 [main] INFO CountDown_Test_Framework - Entered Password Successfully
2019-02-06 11:39:43,422 [main] INFO CountDown_Test_Framework - Click on Login Button Successfully
2019-02-06 11:39:43,458 [main] INFO CountDown_Test_Framework - Login Test Passed
2019-02-06 11:39:45,501 [main] INFO CountDown_Test_Framework - Click on Search Field
2019-02-06 11:39:45,501 [main] INFO CountDown_Test_Framework - Data Reading
2019-02-06 11:39:52,099 [main] INFO CountDown_Test_Framework - Search Items Test case Failed
2019-02-06 11:40:44,979 [main] INFO CountDown_Test_Framework - Adding the quantity of products
2019-02-06 11:40:57,476 [main] INFO CountDown_Test_Framework - URL is Opened
2019-02-06 11:40:59,746 [main] INFO CountDown_Test_Framework - Entered Email Successfully
2019-02-06 11:40:59,848 [main] INFO CountDown_Test_Framework - Entered Password Successfully
2019-02-06 11:41:03,518 [main] INFO CountDown_Test_Framework - Click on Login Button Successfully
2019-02-06 11:41:03,545 [main] INFO CountDown_Test_Framework - Login Test Passed
2019-02-06 11:41:05,645 [main] INFO CountDown_Test_Framework - Click on Search Field
2019-02-06 11:41:05,645 [main] INFO CountDown_Test_Framework - Data Reading
2019-02-06 11:41:14,813 [main] INFO CountDown_Test_Framework - Search Items Test case Failed
2019-02-06 11:42:08,292 [main] INFO CountDown_Test_Framework - Adding the quantity of products
2019-02-06 11:42:19,074 [main] INFO CountDown_Test_Framework - URL is Opened
2019-02-06 11:42:21,311 [main] INFO CountDown_Test_Framework - Entered Email Successfully
2019-02-06 11:42:21,434 [main] INFO CountDown_Test_Framework - Entered Password Successfully
2019-02-06 11:42:25,055 [main] INFO CountDown_Test_Framework - Click on Login Button Successfully
2019-02-06 11:42:25,082 [main] INFO CountDown_Test_Framework - Login Test Passed
2019-02-06 11:42:27,172 [main] INFO CountDown_Test_Framework - Click on Search Field
2019-02-06 11:42:27,172 [main] INFO CountDown_Test_Framework - Data Reading
2019-02-06 11:42:35,863 [main] INFO CountDown_Test_Framework - Search Items Test case Failed
2019-02-06 11:50:02,960 [main] INFO CountDown_Test_Framework - Adding the quantity of products
2019-02-06 11:51:15,487 [main] INFO CountDown_Test_Framework - URL is Opened
2019-02-06 11:51:25,413 [main] INFO CountDown_Test_Framework - Adding the quantity of products
2019-02-06 11:51:34,064 [main] INFO CountDown_Test_Framework - URL is Opened
2019-02-06 11:51:36,288 [main] INFO CountDown_Test_Framework - Entered Email Successfully
2019-02-06 11:51:36,410 [main] INFO CountDown_Test_Framework - Entered Password Successfully
2019-02-06 11:51:39,534 [main] INFO CountDown_Test_Framework - Click on Login Button Successfully
2019-02-06 11:51:39,545 [main] INFO CountDown_Test_Framework - Login Test Passed
2019-02-06 11:51:42,475 [main] INFO CountDown_Test_Framework - Click on Search Field
2019-02-06 11:51:42,475 [main] INFO CountDown_Test_Framework - Data Reading
2019-02-06 11:51:51,303 [main] INFO CountDown_Test_Framework - Search Items Test case Failed
2019-02-06 12:11:22,320 [main] INFO CountDown_Test_Framework - Adding the quantity of products
2019-02-06 12:11:44,048 [main] INFO CountDown_Test_Framework - URL is Opened
2019-02-06 12:12:09,524 [main] INFO CountDown_Test_Framework - Adding the quantity of products
2019-02-06 12:12:31,183 [main] INFO CountDown_Test_Framework - URL is Opened
2019-02-06 13:03:13,673 [main] INFO CountDown_Test_Framework - Adding the quantity of products
2019-02-06 13:03:25,325 [main] INFO CountDown_Test_Framework - URL is Opened
2019-02-06 13:03:27,534 [main] INFO CountDown_Test_Framework - Entered Email Successfully
2019-02-06 13:03:27,658 [main] INFO CountDown_Test_Framework - Entered Password Successfully
2019-02-06 13:03:33,585 [main] INFO CountDown_Test_Framework - Click on Login Button Successfully
2019-02-06 13:03:33,612 [main] INFO CountDown_Test_Framework - Login Test Passed
2019-02-06 13:03:35,640 [main] INFO CountDown_Test_Framework - Click on Search Field
2019-02-06 13:03:35,641 [main] INFO CountDown_Test_Framework - Data Reading
2019-02-06 13:03:44,753 [main] INFO CountDown_Test_Framework - Search Items Test case Failed
2019-02-06 13:06:10,832 [main] INFO CountDown_Test_Framework - Adding the quantity of products
2019-02-06 13:06:47,337 [main] INFO CountDown_Test_Framework - URL is Opened
2019-02-06 13:06:49,959 [main] INFO CountDown_Test_Framework - Entered Email Successfully
2019-02-06 13:06:50,095 [main] INFO CountDown_Test_Framework - Entered Password Successfully
2019-02-06 13:06:54,715 [main] INFO CountDown_Test_Framework - Click on Login Button Successfully
2019-02-06 13:06:54,729 [main] INFO CountDown_Test_Framework - Login Test Passed
2019-02-06 13:06:56,850 [main] INFO CountDown_Test_Framework - Click on Search Field
2019-02-06 13:06:56,852 [main] INFO CountDown_Test_Framework - Data Reading
2019-02-06 13:07:05,772 [main] INFO CountDown_Test_Framework - Search Items Test case Failed
2019-02-06 13:08:19,668 [main] INFO CountDown_Test_Framework - Adding the quantity of products
2019-02-06 13:08:30,516 [main] INFO CountDown_Test_Framework - URL is Opened
2019-02-06 13:08:32,829 [main] INFO CountDown_Test_Framework - Entered Email Successfully
2019-02-06 13:08:32,966 [main] INFO CountDown_Test_Framework - Entered Password Successfully
2019-02-06 13:08:37,240 [main] INFO CountDown_Test_Framework - Click on Login Button Successfully
2019-02-06 13:08:37,262 [main] INFO CountDown_Test_Framework - Login Test Passed
2019-02-06 13:08:39,515 [main] INFO CountDown_Test_Framework - Click on Search Field
2019-02-06 13:08:39,516 [main] INFO CountDown_Test_Framework - Data Reading
2019-02-06 13:08:49,199 [main] INFO CountDown_Test_Framework - Search Items Test case Failed
2019-02-06 13:11:11,078 [main] INFO CountDown_Test_Framework - Adding the quantity of products
2019-02-06 13:11:21,875 [main] INFO CountDown_Test_Framework - URL is Opened
2019-02-06 13:11:24,073 [main] INFO CountDown_Test_Framework - Entered Email Successfully
2019-02-06 13:11:24,176 [main] INFO CountDown_Test_Framework - Entered Password Successfully
2019-02-06 13:11:27,795 [main] INFO CountDown_Test_Framework - Click on Login Button Successfully
2019-02-06 13:11:27,828 [main] INFO CountDown_Test_Framework - Login Test Passed
2019-02-06 13:11:29,841 [main] INFO CountDown_Test_Framework - Click on Search Field
2019-02-06 13:11:29,842 [main] INFO CountDown_Test_Framework - Data Reading
2019-02-06 13:11:38,868 [main] INFO CountDown_Test_Framework - Search Items Test case Failed
2019-02-06 13:13:26,940 [main] INFO CountDown_Test_Framework - Adding the quantity of products
2019-02-06 13:13:39,283 [main] INFO CountDown_Test_Framework - URL is Opened
2019-02-06 13:13:41,689 [main] INFO CountDown_Test_Framework - Entered Email Successfully
2019-02-06 13:13:41,854 [main] INFO CountDown_Test_Framework - Entered Password Successfully
2019-02-06 13:13:46,258 [main] INFO CountDown_Test_Framework - Click on Login Button Successfully
2019-02-06 13:13:46,287 [main] INFO CountDown_Test_Framework - Login Test Passed
2019-02-06 13:13:48,435 [main] INFO CountDown_Test_Framework - Click on Search Field
2019-02-06 13:13:48,435 [main] INFO CountDown_Test_Framework - Data Reading
2019-02-06 13:13:57,606 [main] INFO CountDown_Test_Framework - Search Items Test case Failed
2019-02-06 13:14:36,615 [main] INFO CountDown_Test_Framework - Adding the quantity of products
2019-02-06 13:14:53,842 [main] INFO CountDown_Test_Framework - URL is Opened
2019-02-06 13:14:56,098 [main] INFO CountDown_Test_Framework - Entered Email Successfully
2019-02-06 13:14:56,192 [main] INFO CountDown_Test_Framework - Entered Password Successfully
2019-02-06 13:15:00,219 [main] INFO CountDown_Test_Framework - Click on Login Button Successfully
2019-02-06 13:15:00,232 [main] INFO CountDown_Test_Framework - Login Test Passed
2019-02-06 13:15:02,425 [main] INFO CountDown_Test_Framework - Click on Search Field
2019-02-06 13:15:02,426 [main] INFO CountDown_Test_Framework - Data Reading
2019-02-06 13:15:11,849 [main] INFO CountDown_Test_Framework - Search Items Test case Failed
2019-02-06 13:28:44,054 [main] INFO CountDown_Test_Framework - Adding the quantity of products
2019-02-06 13:28:55,316 [main] INFO CountDown_Test_Framework - URL is Opened
2019-02-06 13:28:57,701 [main] INFO CountDown_Test_Framework - Entered Email Successfully
2019-02-06 13:28:57,805 [main] INFO CountDown_Test_Framework - Entered Password Successfully
2019-02-06 13:29:01,457 [main] INFO CountDown_Test_Framework - Click on Login Button Successfully
2019-02-06 13:29:01,479 [main] INFO CountDown_Test_Framework - Login Test Passed
2019-02-06 13:29:03,547 [main] INFO CountDown_Test_Framework - Click on Search Field
2019-02-06 13:29:03,548 [main] INFO CountDown_Test_Framework - Data Reading
2019-02-06 13:29:12,541 [main] INFO CountDown_Test_Framework - Search Items Test case Failed
2019-02-06 13:31:07,884 [main] INFO CountDown_Test_Framework - Adding the quantity of products
2019-02-06 13:31:23,727 [main] INFO CountDown_Test_Framework - URL is Opened
2019-02-06 13:31:26,096 [main] INFO CountDown_Test_Framework - Entered Email Successfully
2019-02-06 13:31:26,234 [main] INFO CountDown_Test_Framework - Entered Password Successfully
2019-02-06 13:31:30,655 [main] INFO CountDown_Test_Framework - Click on Login Button Successfully
2019-02-06 13:31:30,677 [main] INFO CountDown_Test_Framework - Login Test Passed
2019-02-06 13:31:33,120 [main] INFO CountDown_Test_Framework - Click on Search Field
2019-02-06 13:31:33,120 [main] INFO CountDown_Test_Framework - Data Reading
2019-02-06 13:31:42,075 [main] INFO CountDown_Test_Framework - Search Items Test case Passed
2019-02-06 13:38:12,495 [main] INFO CountDown_Test_Framework - Adding the quantity of products
2019-02-06 13:38:25,095 [main] INFO CountDown_Test_Framework - URL is Opened
2019-02-06 13:38:27,677 [main] INFO CountDown_Test_Framework - Entered Email Successfully
2019-02-06 13:38:27,834 [main] INFO CountDown_Test_Framework - Entered Password Successfully
2019-02-06 13:38:32,708 [main] INFO CountDown_Test_Framework - Click on Login Button Successfully
2019-02-06 13:38:32,724 [main] INFO CountDown_Test_Framework - Login Test Passed
2019-02-06 13:38:35,045 [main] INFO CountDown_Test_Framework - Click on Search Field
2019-02-06 13:38:35,045 [main] INFO CountDown_Test_Framework - Data Reading
2019-02-06 13:38:44,228 [main] INFO CountDown_Test_Framework - Search Items Test case Failed
2019-02-06 14:06:49,911 [main] INFO CountDown_Test_Framework - Clear the List
2019-02-06 14:07:00,839 [main] INFO CountDown_Test_Framework - URL is Opened
2019-02-06 14:07:03,125 [main] INFO CountDown_Test_Framework - Entered Email Successfully
2019-02-06 14:07:03,295 [main] INFO CountDown_Test_Framework - Entered Password Successfully
2019-02-06 14:07:07,099 [main] INFO CountDown_Test_Framework - Click on Login Button Successfully
2019-02-06 14:07:07,120 [main] INFO CountDown_Test_Framework - Login Test Passed
2019-02-06 14:08:21,694 [main] INFO CountDown_Test_Framework - Clear the List
2019-02-06 14:08:32,419 [main] INFO CountDown_Test_Framework - URL is Opened
2019-02-06 14:08:35,252 [main] INFO CountDown_Test_Framework - Entered Email Successfully
2019-02-06 14:08:35,366 [main] INFO CountDown_Test_Framework - Entered Password Successfully
2019-02-06 14:08:40,505 [main] INFO CountDown_Test_Framework - Click on Login Button Successfully
2019-02-06 14:08:40,521 [main] INFO CountDown_Test_Framework - Login Test Passed
2019-02-06 14:37:35,910 [main] INFO CountDown_Test_Framework - Adding the quantity of products
2019-02-06 14:37:47,540 [main] INFO CountDown_Test_Framework - URL is Opened
2019-02-06 14:37:49,761 [main] INFO CountDown_Test_Framework - Entered Email Successfully
2019-02-06 14:37:49,884 [main] INFO CountDown_Test_Framework - Entered Password Successfully
2019-02-06 14:37:53,773 [main] INFO CountDown_Test_Framework - Click on Login Button Successfully
2019-02-06 14:37:53,792 [main] INFO CountDown_Test_Framework - Login Test Passed
2019-02-06 14:37:55,940 [main] INFO CountDown_Test_Framework - Click on Search Field
2019-02-06 14:37:55,940 [main] INFO CountDown_Test_Framework - Data Reading
2019-02-06 14:38:04,898 [main] INFO CountDown_Test_Framework - Search Items Test case Failed
2019-02-06 21:59:41,541 [main] INFO CountDown_Test_Framework - This Testcase runs using EXcel Data Reader
2019-02-06 21:59:56,316 [main] INFO CountDown_Test_Framework - URL is Opened
2019-02-06 21:59:57,305 [main] INFO CountDown_Test_Framework - Entered Email Successfully
2019-02-06 21:59:57,402 [main] INFO CountDown_Test_Framework - Entered Password Successfully
2019-02-06 22:00:01,308 [main] INFO CountDown_Test_Framework - Click on Login Button Successfully
2019-02-06 22:00:01,318 [main] INFO CountDown_Test_Framework - Login Test Passed
2019-02-06 22:00:51,577 [main] INFO CountDown_Test_Framework - URL is Opened
2019-02-06 22:00:54,037 [main] INFO CountDown_Test_Framework - Entered Email Successfully
2019-02-06 22:00:54,136 [main] INFO CountDown_Test_Framework - Entered Password Successfully
2019-02-06 22:00:59,037 [main] INFO CountDown_Test_Framework - Click on Login Button Successfully
2019-02-06 22:00:59,053 [main] INFO CountDown_Test_Framework - Login Test Passed
2019-02-06 22:01:44,859 [main] INFO CountDown_Test_Framework - URL is Opened
2019-02-06 22:01:46,890 [main] INFO CountDown_Test_Framework - Entered Email Successfully
2019-02-06 22:01:47,012 [main] INFO CountDown_Test_Framework - Entered Password Successfully
2019-02-06 22:01:55,695 [main] INFO CountDown_Test_Framework - Click on Login Button Successfully
2019-02-06 22:01:55,707 [main] INFO CountDown_Test_Framework - Login Test Passed
2019-02-06 22:01:57,982 [main] INFO CountDown_Test_Framework - Click on Search Field
2019-02-06 22:01:57,982 [main] INFO CountDown_Test_Framework - Data Reading
2019-02-06 22:03:26,433 [main] INFO CountDown_Test_Framework - URL is Opened
2019-02-06 22:03:28,490 [main] INFO CountDown_Test_Framework - Entered Email Successfully
2019-02-06 22:03:28,592 [main] INFO CountDown_Test_Framework - Entered Password Successfully
2019-02-06 22:03:32,585 [main] INFO CountDown_Test_Framework - Click on Login Button Successfully
2019-02-06 22:03:32,602 [main] INFO CountDown_Test_Framework - Login Test Passed
2019-02-06 22:03:34,464 [main] INFO CountDown_Test_Framework - Click on Search Field
2019-02-06 22:03:34,464 [main] INFO CountDown_Test_Framework - Data Reading
2019-02-06 22:03:42,672 [main] INFO CountDown_Test_Framework - Search Items Test case Failed
2019-02-06 22:04:56,970 [main] INFO CountDown_Test_Framework - Adding the quantity of products
2019-02-06 22:05:55,019 [main] INFO CountDown_Test_Framework - URL is Opened
2019-02-06 22:05:57,454 [main] INFO CountDown_Test_Framework - Entered Email Successfully
2019-02-06 22:05:57,609 [main] INFO CountDown_Test_Framework - Entered Password Successfully
2019-02-06 22:06:01,442 [main] INFO CountDown_Test_Framework - Click on Login Button Successfully
2019-02-06 22:06:01,453 [main] INFO CountDown_Test_Framework - Login Test Passed
2019-02-06 22:06:03,370 [main] INFO CountDown_Test_Framework - Click on Search Field
2019-02-06 22:06:03,371 [main] INFO CountDown_Test_Framework - Data Reading
2019-02-06 22:06:11,470 [main] INFO CountDown_Test_Framework - Search Items Test case Failed
2019-02-06 22:07:24,036 [main] INFO CountDown_Test_Framework - URL is Opened
2019-02-06 22:07:26,178 [main] INFO CountDown_Test_Framework - Entered Email Successfully
2019-02-06 22:07:26,291 [main] INFO CountDown_Test_Framework - Entered Password Successfully
2019-02-06 22:07:32,118 [main] INFO CountDown_Test_Framework - Click on Login Button Successfully
2019-02-06 22:07:32,126 [main] INFO CountDown_Test_Framework - Login Test Passed
2019-02-06 22:07:32,155 [main] INFO CountDown_Test_Framework - Save the items in the trolly successfully
2019-02-06 22:08:19,396 [main] INFO CountDown_Test_Framework - Adding the quantity of products
2019-02-06 22:09:02,527 [main] INFO CountDown_Test_Framework - URL is Opened
2019-02-06 22:09:05,192 [main] INFO CountDown_Test_Framework - Entered Email Successfully
2019-02-06 22:09:05,318 [main] INFO CountDown_Test_Framework - Entered Password Successfully
2019-02-06 22:09:09,675 [main] INFO CountDown_Test_Framework - Click on Login Button Successfully
2019-02-06 22:09:09,684 [main] INFO CountDown_Test_Framework - Login Test Passed
2019-02-06 22:09:12,046 [main] INFO CountDown_Test_Framework - Click on Search Field
2019-02-06 22:09:12,046 [main] INFO CountDown_Test_Framework - Data Reading
2019-02-06 22:10:29,279 [main] INFO CountDown_Test_Framework - URL is Opened
2019-02-06 22:10:31,254 [main] INFO CountDown_Test_Framework - Save the items in the trolly successfully
2019-02-06 22:12:17,971 [main] INFO CountDown_Test_Framework - URL is Opened
2019-02-06 22:12:20,049 [main] INFO CountDown_Test_Framework - Entered Email Successfully
2019-02-06 22:12:20,164 [main] INFO CountDown_Test_Framework - Entered Password Successfully
2019-02-06 22:12:25,723 [main] INFO CountDown_Test_Framework - Click on Login Button Successfully
2019-02-06 22:12:25,734 [main] INFO CountDown_Test_Framework - Login Test Passed
2019-02-06 22:12:25,742 [main] INFO CountDown_Test_Framework - Save the items in the trolly successfully
2019-02-06 22:12:32,274 [main] INFO CountDown_Test_Framework - Save Trolly Test Case Falied
2019-02-06 22:14:55,751 [main] INFO CountDown_Test_Framework - URL is Opened
2019-02-06 22:14:57,881 [main] INFO CountDown_Test_Framework - Entered Email Successfully
2019-02-06 22:14:57,985 [main] INFO CountDown_Test_Framework - Entered Password Successfully
2019-02-06 22:15:01,702 [main] INFO CountDown_Test_Framework - Click on Login Button Successfully
2019-02-06 22:15:01,713 [main] INFO CountDown_Test_Framework - Login Test Passed
2019-02-06 22:15:01,720 [main] INFO CountDown_Test_Framework - Save the items in the trolly successfully
2019-02-06 22:15:44,008 [main] INFO CountDown_Test_Framework - URL is Opened
2019-02-06 22:15:47,292 [main] INFO CountDown_Test_Framework - Entered Email Successfully
2019-02-06 22:15:47,409 [main] INFO CountDown_Test_Framework - Entered Password Successfully
2019-02-06 22:16:14,635 [main] INFO CountDown_Test_Framework - Click on Login Button Successfully
2019-02-06 22:16:14,648 [main] INFO CountDown_Test_Framework - Login Test Passed
2019-02-06 22:16:14,654 [main] INFO CountDown_Test_Framework - Save the items in the trolly successfully
2019-02-06 22:17:18,164 [main] INFO CountDown_Test_Framework - URL is Opened
2019-02-06 22:17:20,445 [main] INFO CountDown_Test_Framework - Entered Email Successfully
2019-02-06 22:17:20,578 [main] INFO CountDown_Test_Framework - Entered Password Successfully
2019-02-06 22:17:24,213 [main] INFO CountDown_Test_Framework - Click on Login Button Successfully
2019-02-06 22:17:24,222 [main] INFO CountDown_Test_Framework - Login Test Passed
2019-02-06 22:17:24,229 [main] INFO CountDown_Test_Framework - Save the items in the trolly successfully
2019-02-06 22:18:59,685 [main] INFO CountDown_Test_Framework - URL is Opened
2019-02-06 22:19:01,965 [main] INFO CountDown_Test_Framework - Entered Email Successfully
2019-02-06 22:19:02,095 [main] INFO CountDown_Test_Framework - Entered Password Successfully
2019-02-06 22:19:06,034 [main] INFO CountDown_Test_Framework - Click on Login Button Successfully
2019-02-06 22:19:06,046 [main] INFO CountDown_Test_Framework - Login Test Passed
2019-02-06 22:19:09,156 [main] INFO CountDown_Test_Framework - This Testcase runs using EXcel Data Reader
2019-02-06 22:19:17,325 [main] INFO CountDown_Test_Framework - URL is Opened
2019-02-06 22:19:18,434 [main] INFO CountDown_Test_Framework - Entered Email Successfully
2019-02-06 22:19:18,556 [main] INFO CountDown_Test_Framework - Entered Password Successfully
2019-02-06 22:19:22,320 [main] INFO CountDown_Test_Framework - Click on Login Button Successfully
2019-02-06 22:19:22,331 [main] INFO CountDown_Test_Framework - Login Test Passed
2019-02-06 22:19:35,945 [main] INFO CountDown_Test_Framework - URL is Opened
2019-02-06 22:19:39,284 [main] INFO CountDown_Test_Framework - Entered Email Successfully
2019-02-06 22:19:39,395 [main] INFO CountDown_Test_Framework - Entered Password Successfully
2019-02-06 22:19:43,529 [main] INFO CountDown_Test_Framework - Click on Login Button Successfully
2019-02-06 22:19:43,540 [main] INFO CountDown_Test_Framework - Login Test Passed
2019-02-06 22:19:45,496 [main] INFO CountDown_Test_Framework - Click on Search Field
2019-02-06 22:19:45,497 [main] INFO CountDown_Test_Framework - Data Reading
2019-02-06 22:19:53,627 [main] INFO CountDown_Test_Framework - Search Items Test case Failed
2019-02-06 22:20:08,044 [main] INFO CountDown_Test_Framework - URL is Opened
2019-02-06 22:20:10,485 [main] INFO CountDown_Test_Framework - Entered Email Successfully
2019-02-06 22:20:10,612 [main] INFO CountDown_Test_Framework - Entered Password Successfully
2019-02-06 22:20:14,712 [main] INFO CountDown_Test_Framework - Click on Login Button Successfully
2019-02-06 22:20:14,720 [main] INFO CountDown_Test_Framework - Login Test Passed
2019-02-06 22:20:14,726 [main] INFO CountDown_Test_Framework - Save the items in the trolly successfully
2019-02-06 22:21:57,400 [main] INFO CountDown_Test_Framework - URL is Opened
2019-02-06 22:21:59,744 [main] INFO CountDown_Test_Framework - Entered Email Successfully
2019-02-06 22:21:59,878 [main] INFO CountDown_Test_Framework - Entered Password Successfully
2019-02-06 22:22:03,943 [main] INFO CountDown_Test_Framework - Click on Login Button Successfully
2019-02-06 22:22:03,961 [main] INFO CountDown_Test_Framework - Login Test Passed
2019-02-06 22:22:03,970 [main] INFO CountDown_Test_Framework - Save the items in the trolly successfully
2019-02-06 22:22:37,352 [main] INFO CountDown_Test_Framework - URL is Opened
2019-02-06 22:22:39,617 [main] INFO CountDown_Test_Framework - Entered Email Successfully
2019-02-06 22:22:39,734 [main] INFO CountDown_Test_Framework - Entered Password Successfully
2019-02-06 22:22:44,224 [main] INFO CountDown_Test_Framework - Click on Login Button Successfully
2019-02-06 22:22:44,236 [main] INFO CountDown_Test_Framework - Login Test Passed
2019-02-06 22:22:44,245 [main] INFO CountDown_Test_Framework - Save the items in the trolly successfully
2019-02-06 22:24:40,207 [main] INFO CountDown_Test_Framework - URL is Opened
2019-02-06 22:24:42,305 [main] INFO CountDown_Test_Framework - Entered Email Successfully
2019-02-06 22:24:42,441 [main] INFO CountDown_Test_Framework - Entered Password Successfully
2019-02-06 22:24:46,022 [main] INFO CountDown_Test_Framework - Click on Login Button Successfully
2019-02-06 22:24:46,032 [main] INFO CountDown_Test_Framework - Login Test Passed
2019-02-06 22:24:46,039 [main] INFO CountDown_Test_Framework - Save the items in the trolly successfully
2019-02-06 22:24:49,513 [main] INFO CountDown_Test_Framework - Save Trolly Test Case Falied
2019-02-12 13:14:27,059 [main] INFO CountDown_Test_Framework - URL is Opened
2019-02-12 13:14:29,246 [main] INFO CountDown_Test_Framework - Entered Email Successfully
2019-02-12 13:14:29,345 [main] INFO CountDown_Test_Framework - Entered Password Successfully
2019-02-12 13:14:33,097 [main] INFO CountDown_Test_Framework - Click on Login Button Successfully
2019-02-12 13:14:33,111 [main] INFO CountDown_Test_Framework - Login Test Passed
2019-02-12 13:14:36,834 [main] INFO CountDown_Test_Framework - This Testcase runs using EXcel Data Reader
2019-02-12 13:14:39,269 [main] INFO CountDown_Test_Framework - URL is Opened
